This is XeTeX, Version 3.14159265-2.6-0.999991 (TeX Live 2019/W32TeX) (preloaded format=xelatex 2019.6.27)  10 JAN 2020 17:45
entering extended mode
 restricted \write18 enabled.
 %&-line parsing enabled.
**resume.tex
(./resume.tex
LaTeX2e <2018-12-01>
(./altacv.cls
Document Class: altacv 2018/07/27 AltaCV v1.1.4, yet another alternative class 
for a résumé/curriculum vitae.
(c:/texlive/2019/texmf-dist/tex/latex/extsizes/extarticle.cls
Document Class: extarticle 1996/10/08 v1.0 Non Standard LaTeX document class
(c:/texlive/2019/texmf-dist/tex/latex/extsizes/size9.clo
File: size9.clo 1999/11/11 v1.4a NON-Standard LaTeX file (size option)
)
(c:/texlive/2019/texmf-dist/tex/latex/base/exscale.sty
Package: exscale 2018/09/24 v2.1i Standard LaTeX package exscale
LaTeX Font Info:    Redeclaring symbol font `largesymbols' on input line 57.
LaTeX Font Info:    Overwriting symbol font `largesymbols' in version `normal'
(Font)                  OMX/cmex/m/n --> OMX/cmex/m/n on input line 57.
LaTeX Font Info:    Overwriting symbol font `largesymbols' in version `bold'
(Font)                  OMX/cmex/m/n --> OMX/cmex/m/n on input line 57.
\big@size=\dimen102
)
\c@part=\count80
\c@section=\count81
\c@subsection=\count82
\c@subsubsection=\count83
\c@paragraph=\count84
\c@subparagraph=\count85
\c@figure=\count86
\c@table=\count87
\abovecaptionskip=\skip41
\belowcaptionskip=\skip42
\bibindent=\dimen103
)
(c:/texlive/2019/texmf-dist/tex/latex/geometry/geometry.sty
Package: geometry 2018/04/16 v5.8 Page Geometry

(c:/texlive/2019/texmf-dist/tex/latex/graphics/keyval.sty
Package: keyval 2014/10/28 v1.15 key=value parser (DPC)
\KV@toks@=\toks14
)
(c:/texlive/2019/texmf-dist/tex/generic/oberdiek/ifpdf.sty
Package: ifpdf 2018/09/07 v3.3 Provides the ifpdf switch
)
(c:/texlive/2019/texmf-dist/tex/generic/oberdiek/ifvtex.sty
Package: ifvtex 2016/05/16 v1.6 Detect VTeX and its facilities (HO)
Package ifvtex Info: VTeX not detected.
)
(c:/texlive/2019/texmf-dist/tex/generic/ifxetex/ifxetex.sty
Package: ifxetex 2010/09/12 v0.6 Provides ifxetex conditional
)
\Gm@cnth=\count88
\Gm@cntv=\count89
\c@Gm@tempcnt=\count90
\Gm@bindingoffset=\dimen104
\Gm@wd@mp=\dimen105
\Gm@odd@mp=\dimen106
\Gm@even@mp=\dimen107
\Gm@layoutwidth=\dimen108
\Gm@layoutheight=\dimen109
\Gm@layouthoffset=\dimen110
\Gm@layoutvoffset=\dimen111
\Gm@dimlist=\toks15
)
(c:/texlive/2019/texmf-dist/tex/latex/fontawesome/fontawesome.sty
Package: fontawesome 2016/05/15 v4.6.3.1 font awesome icons

(c:/texlive/2019/texmf-dist/tex/generic/oberdiek/ifluatex.sty
Package: ifluatex 2016/05/16 v1.4 Provides the ifluatex switch (HO)
Package ifluatex Info: LuaTeX not detected.
)
(c:/texlive/2019/texmf-dist/tex/latex/fontawesome/fontawesomesymbols-generic.te
x) (c:/texlive/2019/texmf-dist/tex/latex/fontspec/fontspec.sty
(c:/texlive/2019/texmf-dist/tex/latex/l3packages/xparse/xparse.sty
(c:/texlive/2019/texmf-dist/tex/latex/l3kernel/expl3.sty
Package: expl3 2019-05-28 L3 programming layer (loader) 

(c:/texlive/2019/texmf-dist/tex/latex/l3kernel/expl3-code.tex
Package: expl3 2019-05-28 L3 programming layer (code)
\c_max_int=\count91
\l_tmpa_int=\count92
\l_tmpb_int=\count93
\g_tmpa_int=\count94
\g_tmpb_int=\count95
\g__kernel_prg_map_int=\count96
\c__ior_term_ior=\count97
\c_log_iow=\count98
\l_iow_line_count_int=\count99
\l__iow_line_target_int=\count100
\l__iow_one_indent_int=\count101
\l__iow_indent_int=\count102
\c_zero_dim=\dimen112
\c_max_dim=\dimen113
\l_tmpa_dim=\dimen114
\l_tmpb_dim=\dimen115
\g_tmpa_dim=\dimen116
\g_tmpb_dim=\dimen117
\c_zero_skip=\skip43
\c_max_skip=\skip44
\l_tmpa_skip=\skip45
\l_tmpb_skip=\skip46
\g_tmpa_skip=\skip47
\g_tmpb_skip=\skip48
\c_zero_muskip=\muskip10
\c_max_muskip=\muskip11
\l_tmpa_muskip=\muskip12
\l_tmpb_muskip=\muskip13
\g_tmpa_muskip=\muskip14
\g_tmpb_muskip=\muskip15
\l_keys_choice_int=\count103
\l__intarray_loop_int=\count104
\c__intarray_sp_dim=\dimen118
\g__intarray_font_int=\count105
\c__fp_leading_shift_int=\count106
\c__fp_middle_shift_int=\count107
\c__fp_trailing_shift_int=\count108
\c__fp_big_leading_shift_int=\count109
\c__fp_big_middle_shift_int=\count110
\c__fp_big_trailing_shift_int=\count111
\c__fp_Bigg_leading_shift_int=\count112
\c__fp_Bigg_middle_shift_int=\count113
\c__fp_Bigg_trailing_shift_int=\count114
\g__fp_array_int=\count115
\l__fp_array_loop_int=\count116
\l__sort_length_int=\count117
\l__sort_min_int=\count118
\l__sort_top_int=\count119
\l__sort_max_int=\count120
\l__sort_true_max_int=\count121
\l__sort_block_int=\count122
\l__sort_begin_int=\count123
\l__sort_end_int=\count124
\l__sort_A_int=\count125
\l__sort_B_int=\count126
\l__sort_C_int=\count127
\l__tl_analysis_normal_int=\count128
\l__tl_analysis_index_int=\count129
\l__tl_analysis_nesting_int=\count130
\l__tl_analysis_type_int=\count131
\l__regex_internal_a_int=\count132
\l__regex_internal_b_int=\count133
\l__regex_internal_c_int=\count134
\l__regex_balance_int=\count135
\l__regex_group_level_int=\count136
\l__regex_mode_int=\count137
\c__regex_cs_in_class_mode_int=\count138
\c__regex_cs_mode_int=\count139
\l__regex_catcodes_int=\count140
\l__regex_default_catcodes_int=\count141
\c__regex_catcode_L_int=\count142
\c__regex_catcode_O_int=\count143
\c__regex_catcode_A_int=\count144
\c__regex_all_catcodes_int=\count145
\l__regex_show_lines_int=\count146
\l__regex_min_state_int=\count147
\l__regex_max_state_int=\count148
\l__regex_left_state_int=\count149
\l__regex_right_state_int=\count150
\l__regex_capturing_group_int=\count151
\l__regex_min_pos_int=\count152
\l__regex_max_pos_int=\count153
\l__regex_curr_pos_int=\count154
\l__regex_start_pos_int=\count155
\l__regex_success_pos_int=\count156
\l__regex_curr_char_int=\count157
\l__regex_curr_catcode_int=\count158
\l__regex_last_char_int=\count159
\l__regex_case_changed_char_int=\count160
\l__regex_curr_state_int=\count161
\l__regex_step_int=\count162
\l__regex_min_active_int=\count163
\l__regex_max_active_int=\count164
\l__regex_replacement_csnames_int=\count165
\l__regex_match_count_int=\count166
\l__regex_min_submatch_int=\count167
\l__regex_submatch_int=\count168
\l__regex_zeroth_submatch_int=\count169
\g__regex_trace_regex_int=\count170
\c_empty_box=\box27
\l_tmpa_box=\box28
\l_tmpb_box=\box29
\g_tmpa_box=\box30
\g_tmpb_box=\box31
\l__box_top_dim=\dimen119
\l__box_bottom_dim=\dimen120
\l__box_left_dim=\dimen121
\l__box_right_dim=\dimen122
\l__box_top_new_dim=\dimen123
\l__box_bottom_new_dim=\dimen124
\l__box_left_new_dim=\dimen125
\l__box_right_new_dim=\dimen126
\l__box_internal_box=\box32
\l__coffin_internal_box=\box33
\l__coffin_internal_dim=\dimen127
\l__coffin_offset_x_dim=\dimen128
\l__coffin_offset_y_dim=\dimen129
\l__coffin_x_dim=\dimen130
\l__coffin_y_dim=\dimen131
\l__coffin_x_prime_dim=\dimen132
\l__coffin_y_prime_dim=\dimen133
\c_empty_coffin=\box34
\l__coffin_aligned_coffin=\box35
\l__coffin_aligned_internal_coffin=\box36
\l_tmpa_coffin=\box37
\l_tmpb_coffin=\box38
\g_tmpa_coffin=\box39
\g_tmpb_coffin=\box40
\l__coffin_bounding_shift_dim=\dimen134
\l__coffin_left_corner_dim=\dimen135
\l__coffin_right_corner_dim=\dimen136
\l__coffin_bottom_corner_dim=\dimen137
\l__coffin_top_corner_dim=\dimen138
\l__coffin_scaled_total_height_dim=\dimen139
\l__coffin_scaled_width_dim=\dimen140
\c__coffin_empty_coffin=\box41
\l__coffin_display_coffin=\box42
\l__coffin_display_coord_coffin=\box43
\l__coffin_display_pole_coffin=\box44
\l__coffin_display_offset_dim=\dimen141
\l__coffin_display_x_dim=\dimen142
\l__coffin_display_y_dim=\dimen143
\g__file_internal_ior=\read1
\l__seq_internal_a_int=\count171
\l__seq_internal_b_int=\count172
\c__deprecation_minus_one=\count173
)
(c:/texlive/2019/texmf-dist/tex/latex/l3kernel/l3xdvipdfmx.def
File: l3xdvipdfmx.def 2019-04-06 v L3 Experimental driver: xdvipdfmx
\l__driver_internal_box=\box45
\g__driver_graphics_int=\count174
\g__driver_pdf_object_int=\count175
\g__driver_pdf_annotation_int=\count176
))
Package: xparse 2019-05-28 L3 Experimental document command parser
\l__xparse_current_arg_int=\count177
\g__xparse_grabber_int=\count178
\l__xparse_m_args_int=\count179
\l__xparse_v_nesting_int=\count180
)
Package: fontspec 2019/03/15 v2.7c Font selection for XeLaTeX and LuaLaTeX

(c:/texlive/2019/texmf-dist/tex/latex/fontspec/fontspec-xetex.sty
Package: fontspec-xetex 2019/03/15 v2.7c Font selection for XeLaTeX and LuaLaTe
X
\l__fontspec_script_int=\count181
\l__fontspec_language_int=\count182
\l__fontspec_strnum_int=\count183
\l__fontspec_tmp_int=\count184
\l__fontspec_tmpa_int=\count185
\l__fontspec_tmpb_int=\count186
\l__fontspec_tmpc_int=\count187
\l__fontspec_em_int=\count188
\l__fontspec_emdef_int=\count189
\l__fontspec_strong_int=\count190
\l__fontspec_strongdef_int=\count191
\l__fontspec_tmpa_dim=\dimen144
\l__fontspec_tmpb_dim=\dimen145
\l__fontspec_tmpc_dim=\dimen146

(c:/texlive/2019/texmf-dist/tex/latex/base/fontenc.sty
Package: fontenc 2018/08/11 v2.0j Standard LaTeX package

(c:/texlive/2019/texmf-dist/tex/latex/base/tuenc.def
File: tuenc.def 2018/08/11 v2.0j Standard LaTeX file
LaTeX Font Info:    Redeclaring font encoding TU on input line 82.
))
(c:/texlive/2019/texmf-dist/tex/latex/fontspec/fontspec.cfg)
LaTeX Info: Redefining \itshape on input line 4051.
LaTeX Info: Redefining \slshape on input line 4056.
LaTeX Info: Redefining \scshape on input line 4061.
LaTeX Info: Redefining \upshape on input line 4066.
LaTeX Info: Redefining \em on input line 4096.
LaTeX Info: Redefining \emph on input line 4121.
))

Package fontspec Info: Could not resolve font "FontAwesome/BI" (it probably
(fontspec)             doesn't exist).


Package fontspec Info: Could not resolve font "FontAwesome/B" (it probably
(fontspec)             doesn't exist).


Package fontspec Info: Could not resolve font "FontAwesome/I" (it probably
(fontspec)             doesn't exist).


Package fontspec Info: Font family 'FontAwesome(0)' created for font
(fontspec)             'FontAwesome' with options [].
(fontspec)              
(fontspec)              This font family consists of the following NFSS
(fontspec)             series/shapes:
(fontspec)              
(fontspec)             - 'normal' (m/n) with NFSS spec.: <->"FontAwesome/OT"
(fontspec)             - 'small caps'  (m/sc) with NFSS spec.: 


(c:/texlive/2019/texmf-dist/tex/latex/fontawesome/fontawesomesymbols-xeluatex.t
ex)) (c:/texlive/2019/texmf-dist/tex/latex/xcolor/xcolor.sty
Package: xcolor 2016/05/11 v2.12 LaTeX color extensions (UK)

(c:/texlive/2019/texmf-dist/tex/latex/graphics-cfg/color.cfg
File: color.cfg 2016/01/02 v1.6 sample color configuration
)
Package xcolor Info: Driver file: xetex.def on input line 225.

(c:/texlive/2019/texmf-dist/tex/latex/graphics-def/xetex.def
File: xetex.def 2017/06/24 v5.0h Graphics/color driver for xetex
)
Package xcolor Info: Model `cmy' substituted by `cmy0' on input line 1348.
Package xcolor Info: Model `RGB' extended on input line 1364.
Package xcolor Info: Model `HTML' substituted by `rgb' on input line 1366.
Package xcolor Info: Model `Hsb' substituted by `hsb' on input line 1367.
Package xcolor Info: Model `tHsb' substituted by `hsb' on input line 1368.
Package xcolor Info: Model `HSB' substituted by `hsb' on input line 1369.
Package xcolor Info: Model `Gray' substituted by `gray' on input line 1370.
Package xcolor Info: Model `wave' substituted by `hsb' on input line 1371.
)
(c:/texlive/2019/texmf-dist/tex/latex/pgf/frontendlayer/tikz.sty
(c:/texlive/2019/texmf-dist/tex/latex/pgf/basiclayer/pgf.sty
(c:/texlive/2019/texmf-dist/tex/latex/pgf/utilities/pgfrcs.sty
(c:/texlive/2019/texmf-dist/tex/generic/pgf/utilities/pgfutil-common.tex
\pgfutil@everybye=\toks16
\pgfutil@tempdima=\dimen147
\pgfutil@tempdimb=\dimen148

(c:/texlive/2019/texmf-dist/tex/generic/pgf/utilities/pgfutil-common-lists.tex)
) (c:/texlive/2019/texmf-dist/tex/generic/pgf/utilities/pgfutil-latex.def
\pgfutil@abb=\box46

(c:/texlive/2019/texmf-dist/tex/latex/ms/everyshi.sty
Package: everyshi 2001/05/15 v3.00 EveryShipout Package (MS)
))
(c:/texlive/2019/texmf-dist/tex/generic/pgf/utilities/pgfrcs.code.tex
(c:/texlive/2019/texmf-dist/tex/generic/pgf/pgf.revision.tex)
Package: pgfrcs 2019/05/09 v3.1.3 (3.1.3)
))
Package: pgf 2019/05/09 v3.1.3 (3.1.3)

(c:/texlive/2019/texmf-dist/tex/latex/pgf/basiclayer/pgfcore.sty
(c:/texlive/2019/texmf-dist/tex/latex/graphics/graphicx.sty
Package: graphicx 2017/06/01 v1.1a Enhanced LaTeX Graphics (DPC,SPQR)

(c:/texlive/2019/texmf-dist/tex/latex/graphics/graphics.sty
Package: graphics 2017/06/25 v1.2c Standard LaTeX Graphics (DPC,SPQR)

(c:/texlive/2019/texmf-dist/tex/latex/graphics/trig.sty
Package: trig 2016/01/03 v1.10 sin cos tan (DPC)
)
(c:/texlive/2019/texmf-dist/tex/latex/graphics-cfg/graphics.cfg
File: graphics.cfg 2016/06/04 v1.11 sample graphics configuration
)
Package graphics Info: Driver file: xetex.def on input line 99.
)
\Gin@req@height=\dimen149
\Gin@req@width=\dimen150
)
(c:/texlive/2019/texmf-dist/tex/latex/pgf/systemlayer/pgfsys.sty
(c:/texlive/2019/texmf-dist/tex/generic/pgf/systemlayer/pgfsys.code.tex
Package: pgfsys 2019/05/09 v3.1.3 (3.1.3)

(c:/texlive/2019/texmf-dist/tex/generic/pgf/utilities/pgfkeys.code.tex
\pgfkeys@pathtoks=\toks17
\pgfkeys@temptoks=\toks18

(c:/texlive/2019/texmf-dist/tex/generic/pgf/utilities/pgfkeysfiltered.code.tex
\pgfkeys@tmptoks=\toks19
))
\pgf@x=\dimen151
\pgf@y=\dimen152
\pgf@xa=\dimen153
\pgf@ya=\dimen154
\pgf@xb=\dimen155
\pgf@yb=\dimen156
\pgf@xc=\dimen157
\pgf@yc=\dimen158
\pgf@xd=\dimen159
\pgf@yd=\dimen160
\w@pgf@writea=\write3
\r@pgf@reada=\read2
\c@pgf@counta=\count192
\c@pgf@countb=\count193
\c@pgf@countc=\count194
\c@pgf@countd=\count195
\t@pgf@toka=\toks20
\t@pgf@tokb=\toks21
\t@pgf@tokc=\toks22
\pgf@sys@id@count=\count196
 (c:/texlive/2019/texmf-dist/tex/generic/pgf/systemlayer/pgf.cfg
File: pgf.cfg 2019/05/09 v3.1.3 (3.1.3)
)
Driver file for pgf: pgfsys-xetex.def

(c:/texlive/2019/texmf-dist/tex/generic/pgf/systemlayer/pgfsys-xetex.def
File: pgfsys-xetex.def 2019/05/09 v3.1.3 (3.1.3)

(c:/texlive/2019/texmf-dist/tex/generic/pgf/systemlayer/pgfsys-dvipdfmx.def
File: pgfsys-dvipdfmx.def 2019/05/09 v3.1.3 (3.1.3)

(c:/texlive/2019/texmf-dist/tex/generic/pgf/systemlayer/pgfsys-common-pdf.def
File: pgfsys-common-pdf.def 2019/05/09 v3.1.3 (3.1.3)
)
\pgfsys@objnum=\count197
)))
(c:/texlive/2019/texmf-dist/tex/generic/pgf/systemlayer/pgfsyssoftpath.code.tex
File: pgfsyssoftpath.code.tex 2019/05/09 v3.1.3 (3.1.3)
\pgfsyssoftpath@smallbuffer@items=\count198
\pgfsyssoftpath@bigbuffer@items=\count199
)
(c:/texlive/2019/texmf-dist/tex/generic/pgf/systemlayer/pgfsysprotocol.code.tex
File: pgfsysprotocol.code.tex 2019/05/09 v3.1.3 (3.1.3)
)) (c:/texlive/2019/texmf-dist/tex/generic/pgf/basiclayer/pgfcore.code.tex
Package: pgfcore 2019/05/09 v3.1.3 (3.1.3)

(c:/texlive/2019/texmf-dist/tex/generic/pgf/math/pgfmath.code.tex
(c:/texlive/2019/texmf-dist/tex/generic/pgf/math/pgfmathcalc.code.tex
(c:/texlive/2019/texmf-dist/tex/generic/pgf/math/pgfmathutil.code.tex)
(c:/texlive/2019/texmf-dist/tex/generic/pgf/math/pgfmathparser.code.tex
\pgfmath@dimen=\dimen161
\pgfmath@count=\count266
\pgfmath@box=\box47
\pgfmath@toks=\toks23
\pgfmath@stack@operand=\toks24
\pgfmath@stack@operation=\toks25
)
(c:/texlive/2019/texmf-dist/tex/generic/pgf/math/pgfmathfunctions.code.tex
(c:/texlive/2019/texmf-dist/tex/generic/pgf/math/pgfmathfunctions.basic.code.te
x)
(c:/texlive/2019/texmf-dist/tex/generic/pgf/math/pgfmathfunctions.trigonometric
.code.tex)
(c:/texlive/2019/texmf-dist/tex/generic/pgf/math/pgfmathfunctions.random.code.t
ex)
(c:/texlive/2019/texmf-dist/tex/generic/pgf/math/pgfmathfunctions.comparison.co
de.tex)
(c:/texlive/2019/texmf-dist/tex/generic/pgf/math/pgfmathfunctions.base.code.tex
)
(c:/texlive/2019/texmf-dist/tex/generic/pgf/math/pgfmathfunctions.round.code.te
x)
(c:/texlive/2019/texmf-dist/tex/generic/pgf/math/pgfmathfunctions.misc.code.tex
)
(c:/texlive/2019/texmf-dist/tex/generic/pgf/math/pgfmathfunctions.integerarithm
etics.code.tex)))
(c:/texlive/2019/texmf-dist/tex/generic/pgf/math/pgfmathfloat.code.tex
\c@pgfmathroundto@lastzeros=\count267
))
(c:/texlive/2019/texmf-dist/tex/generic/pgf/math/pgfint.code.tex)
(c:/texlive/2019/texmf-dist/tex/generic/pgf/basiclayer/pgfcorepoints.code.tex
File: pgfcorepoints.code.tex 2019/05/09 v3.1.3 (3.1.3)
\pgf@picminx=\dimen162
\pgf@picmaxx=\dimen163
\pgf@picminy=\dimen164
\pgf@picmaxy=\dimen165
\pgf@pathminx=\dimen166
\pgf@pathmaxx=\dimen167
\pgf@pathminy=\dimen168
\pgf@pathmaxy=\dimen169
\pgf@xx=\dimen170
\pgf@xy=\dimen171
\pgf@yx=\dimen172
\pgf@yy=\dimen173
\pgf@zx=\dimen174
\pgf@zy=\dimen175
)
(c:/texlive/2019/texmf-dist/tex/generic/pgf/basiclayer/pgfcorepathconstruct.cod
e.tex
File: pgfcorepathconstruct.code.tex 2019/05/09 v3.1.3 (3.1.3)
\pgf@path@lastx=\dimen176
\pgf@path@lasty=\dimen177
)
(c:/texlive/2019/texmf-dist/tex/generic/pgf/basiclayer/pgfcorepathusage.code.te
x
File: pgfcorepathusage.code.tex 2019/05/09 v3.1.3 (3.1.3)
\pgf@shorten@end@additional=\dimen178
\pgf@shorten@start@additional=\dimen179
)
(c:/texlive/2019/texmf-dist/tex/generic/pgf/basiclayer/pgfcorescopes.code.tex
File: pgfcorescopes.code.tex 2019/05/09 v3.1.3 (3.1.3)
\pgfpic=\box48
\pgf@hbox=\box49
\pgf@layerbox@main=\box50
\pgf@picture@serial@count=\count268
)
(c:/texlive/2019/texmf-dist/tex/generic/pgf/basiclayer/pgfcoregraphicstate.code
.tex
File: pgfcoregraphicstate.code.tex 2019/05/09 v3.1.3 (3.1.3)
\pgflinewidth=\dimen180
)
(c:/texlive/2019/texmf-dist/tex/generic/pgf/basiclayer/pgfcoretransformations.c
ode.tex
File: pgfcoretransformations.code.tex 2019/05/09 v3.1.3 (3.1.3)
\pgf@pt@x=\dimen181
\pgf@pt@y=\dimen182
\pgf@pt@temp=\dimen183
)
(c:/texlive/2019/texmf-dist/tex/generic/pgf/basiclayer/pgfcorequick.code.tex
File: pgfcorequick.code.tex 2019/05/09 v3.1.3 (3.1.3)
)
(c:/texlive/2019/texmf-dist/tex/generic/pgf/basiclayer/pgfcoreobjects.code.tex
File: pgfcoreobjects.code.tex 2019/05/09 v3.1.3 (3.1.3)
)
(c:/texlive/2019/texmf-dist/tex/generic/pgf/basiclayer/pgfcorepathprocessing.co
de.tex
File: pgfcorepathprocessing.code.tex 2019/05/09 v3.1.3 (3.1.3)
)
(c:/texlive/2019/texmf-dist/tex/generic/pgf/basiclayer/pgfcorearrows.code.tex
File: pgfcorearrows.code.tex 2019/05/09 v3.1.3 (3.1.3)
\pgfarrowsep=\dimen184
)
(c:/texlive/2019/texmf-dist/tex/generic/pgf/basiclayer/pgfcoreshade.code.tex
File: pgfcoreshade.code.tex 2019/05/09 v3.1.3 (3.1.3)
\pgf@max=\dimen185
\pgf@sys@shading@range@num=\count269
\pgf@shadingcount=\count270
)
(c:/texlive/2019/texmf-dist/tex/generic/pgf/basiclayer/pgfcoreimage.code.tex
File: pgfcoreimage.code.tex 2019/05/09 v3.1.3 (3.1.3)

(c:/texlive/2019/texmf-dist/tex/generic/pgf/basiclayer/pgfcoreexternal.code.tex
File: pgfcoreexternal.code.tex 2019/05/09 v3.1.3 (3.1.3)
\pgfexternal@startupbox=\box51
))
(c:/texlive/2019/texmf-dist/tex/generic/pgf/basiclayer/pgfcorelayers.code.tex
File: pgfcorelayers.code.tex 2019/05/09 v3.1.3 (3.1.3)
)
(c:/texlive/2019/texmf-dist/tex/generic/pgf/basiclayer/pgfcoretransparency.code
.tex
File: pgfcoretransparency.code.tex 2019/05/09 v3.1.3 (3.1.3)
)
(c:/texlive/2019/texmf-dist/tex/generic/pgf/basiclayer/pgfcorepatterns.code.tex
File: pgfcorepatterns.code.tex 2019/05/09 v3.1.3 (3.1.3)
) (c:/texlive/2019/texmf-dist/tex/generic/pgf/basiclayer/pgfcorerdf.code.tex
File: pgfcorerdf.code.tex 2019/05/09 v3.1.3 (3.1.3)
))) (c:/texlive/2019/texmf-dist/tex/generic/pgf/modules/pgfmoduleshapes.code.te
x
File: pgfmoduleshapes.code.tex 2019/05/09 v3.1.3 (3.1.3)
\pgfnodeparttextbox=\box52
)
(c:/texlive/2019/texmf-dist/tex/generic/pgf/modules/pgfmoduleplot.code.tex
File: pgfmoduleplot.code.tex 2019/05/09 v3.1.3 (3.1.3)
)
(c:/texlive/2019/texmf-dist/tex/latex/pgf/compatibility/pgfcomp-version-0-65.st
y
Package: pgfcomp-version-0-65 2019/05/09 v3.1.3 (3.1.3)
\pgf@nodesepstart=\dimen186
\pgf@nodesepend=\dimen187
)
(c:/texlive/2019/texmf-dist/tex/latex/pgf/compatibility/pgfcomp-version-1-18.st
y
Package: pgfcomp-version-1-18 2019/05/09 v3.1.3 (3.1.3)
)) (c:/texlive/2019/texmf-dist/tex/latex/pgf/utilities/pgffor.sty
(c:/texlive/2019/texmf-dist/tex/latex/pgf/utilities/pgfkeys.sty
(c:/texlive/2019/texmf-dist/tex/generic/pgf/utilities/pgfkeys.code.tex))
(c:/texlive/2019/texmf-dist/tex/latex/pgf/math/pgfmath.sty
(c:/texlive/2019/texmf-dist/tex/generic/pgf/math/pgfmath.code.tex))
(c:/texlive/2019/texmf-dist/tex/generic/pgf/utilities/pgffor.code.tex
Package: pgffor 2019/05/09 v3.1.3 (3.1.3)

(c:/texlive/2019/texmf-dist/tex/generic/pgf/math/pgfmath.code.tex)
\pgffor@iter=\dimen188
\pgffor@skip=\dimen189
\pgffor@stack=\toks26
\pgffor@toks=\toks27
))
(c:/texlive/2019/texmf-dist/tex/generic/pgf/frontendlayer/tikz/tikz.code.tex
Package: tikz 2019/05/09 v3.1.3 (3.1.3)

(c:/texlive/2019/texmf-dist/tex/generic/pgf/libraries/pgflibraryplothandlers.co
de.tex
File: pgflibraryplothandlers.code.tex 2019/05/09 v3.1.3 (3.1.3)
\pgf@plot@mark@count=\count271
\pgfplotmarksize=\dimen190
)
\tikz@lastx=\dimen191
\tikz@lasty=\dimen192
\tikz@lastxsaved=\dimen193
\tikz@lastysaved=\dimen194
\tikzleveldistance=\dimen195
\tikzsiblingdistance=\dimen196
\tikz@figbox=\box53
\tikz@figbox@bg=\box54
\tikz@tempbox=\box55
\tikz@tempbox@bg=\box56
\tikztreelevel=\count272
\tikznumberofchildren=\count273
\tikznumberofcurrentchild=\count274
\tikz@fig@count=\count275

(c:/texlive/2019/texmf-dist/tex/generic/pgf/modules/pgfmodulematrix.code.tex
File: pgfmodulematrix.code.tex 2019/05/09 v3.1.3 (3.1.3)
\pgfmatrixcurrentrow=\count276
\pgfmatrixcurrentcolumn=\count277
\pgf@matrix@numberofcolumns=\count278
)
\tikz@expandcount=\count279

(c:/texlive/2019/texmf-dist/tex/generic/pgf/frontendlayer/tikz/libraries/tikzli
brarytopaths.code.tex
File: tikzlibrarytopaths.code.tex 2019/05/09 v3.1.3 (3.1.3)
)))
(c:/texlive/2019/texmf-dist/tex/generic/pgf/frontendlayer/tikz/libraries/tikzli
braryarrows.code.tex
File: tikzlibraryarrows.code.tex 2019/05/09 v3.1.3 (3.1.3)

(c:/texlive/2019/texmf-dist/tex/generic/pgf/libraries/pgflibraryarrows.code.tex
File: pgflibraryarrows.code.tex 2019/05/09 v3.1.3 (3.1.3)
\arrowsize=\dimen197
)) (c:/texlive/2019/texmf-dist/tex/latex/tcolorbox/tcolorbox.sty
Package: tcolorbox 2019/03/02 version 4.20 text color boxes

(c:/texlive/2019/texmf-dist/tex/latex/tools/verbatim.sty
Package: verbatim 2014/10/28 v1.5q LaTeX2e package for verbatim enhancements
\every@verbatim=\toks28
\verbatim@line=\toks29
\verbatim@in@stream=\read3
)
(c:/texlive/2019/texmf-dist/tex/latex/environ/environ.sty
Package: environ 2014/05/04 v0.3 A new way to define environments

(c:/texlive/2019/texmf-dist/tex/latex/trimspaces/trimspaces.sty
Package: trimspaces 2009/09/17 v1.1 Trim spaces around a token list
)
\@envbody=\toks30
)
(c:/texlive/2019/texmf-dist/tex/latex/etoolbox/etoolbox.sty
Package: etoolbox 2018/08/19 v2.5f e-TeX tools for LaTeX (JAW)
\etb@tempcnta=\count280
)
\tcb@titlebox=\box57
\tcb@upperbox=\box58
\tcb@lowerbox=\box59
\tcb@phantombox=\box60
\c@tcbbreakpart=\count281
\c@tcblayer=\count282
\tcolorbox@number=\count283
\tcb@temp=\box61
\tcb@temp=\box62
\tcb@temp=\box63
\tcb@temp=\box64
\tcb@out=\write4
\tcb@record@out=\write5

(c:/texlive/2019/texmf-dist/tex/latex/tcolorbox/tcbskins.code.tex
Library (tcolorbox): 'tcbskins.code.tex' version '4.20'
\tcb@waterbox=\box65
(c:/texlive/2019/texmf-dist/tex/latex/tcolorbox/tcbskinsjigsaw.code.tex
Library (tcolorbox): 'tcbskinsjigsaw.code.tex' version '4.20'
))) (c:/texlive/2019/texmf-dist/tex/latex/enumitem/enumitem.sty
Package: enumitem 2019/06/20 v3.9 Customized lists
\labelindent=\skip49
\enit@outerparindent=\dimen198
\enit@toks=\toks31
\enit@inbox=\box66
\enit@count@id=\count284
\enitdp@description=\count285
)
(c:/texlive/2019/texmf-dist/tex/latex/dashrule/dashrule.sty
Package: dashrule 2013/03/28 v1.3 Dashed rules

(c:/texlive/2019/texmf-dist/tex/latex/ifmtarg/ifmtarg.sty
Package: ifmtarg 2018/04/16 v1.2b check for an empty argument
)
\c@hdr@segments=\count286
)
(c:/texlive/2019/texmf-dist/tex/latex/multirow/multirow.sty
Package: multirow 2019/05/31 v2.5 Span multiple rows of a table
\multirow@colwidth=\skip50
\multirow@cntb=\count287
\multirow@dima=\skip51
\bigstrutjot=\dimen199
)
(c:/texlive/2019/texmf-dist/tex/latex/tools/tabularx.sty
Package: tabularx 2016/02/03 v2.11b `tabularx' package (DPC)

(c:/texlive/2019/texmf-dist/tex/latex/tools/array.sty
Package: array 2018/12/30 v2.4k Tabular extension package (FMi)
\col@sep=\dimen256
\ar@mcellbox=\box67
\extrarowheight=\dimen257
\NC@list=\toks32
\extratabsurround=\skip52
\backup@length=\skip53
\ar@cellbox=\box68
)
\TX@col@width=\dimen258
\TX@old@table=\dimen259
\TX@old@col=\dimen260
\TX@target=\dimen261
\TX@delta=\dimen262
\TX@cols=\count288
\TX@ftn=\toks33
)
(c:/texlive/2019/texmf-dist/tex/latex/changepage/changepage.sty
Package: changepage 2009/10/20 v1.0c check page and change page layout
\c@cp@cntr=\count289
\cp@tempcnt=\count290
)
(c:/texlive/2019/texmf-dist/tex/latex/biblatex/biblatex.sty
Package: biblatex 2018/11/02 v3.12 programmable bibliographies (PK/MW)

(c:/texlive/2019/texmf-dist/tex/generic/oberdiek/pdftexcmds.sty
Package: pdftexcmds 2018/09/10 v0.29 Utility functions of pdfTeX for LuaTeX (HO
)

(c:/texlive/2019/texmf-dist/tex/generic/oberdiek/infwarerr.sty
Package: infwarerr 2016/05/16 v1.4 Providing info/warning/error messages (HO)
)
(c:/texlive/2019/texmf-dist/tex/generic/oberdiek/ltxcmds.sty
Package: ltxcmds 2016/05/16 v1.23 LaTeX kernel commands for general use (HO)
)
Package pdftexcmds Info: LuaTeX not detected.
Package pdftexcmds Info: pdfTeX >= 1.30 not detected.
Package pdftexcmds Info: \pdf@primitive is available.
Package pdftexcmds Info: \pdf@ifprimitive is available.
Package pdftexcmds Info: \pdfdraftmode not found.
)
(c:/texlive/2019/texmf-dist/tex/latex/oberdiek/kvoptions.sty
Package: kvoptions 2016/05/16 v3.12 Key value format for package options (HO)

(c:/texlive/2019/texmf-dist/tex/generic/oberdiek/kvsetkeys.sty
Package: kvsetkeys 2016/05/16 v1.17 Key value parser (HO)

(c:/texlive/2019/texmf-dist/tex/generic/oberdiek/etexcmds.sty
Package: etexcmds 2016/05/16 v1.6 Avoid name clashes with e-TeX commands (HO)
)))
(c:/texlive/2019/texmf-dist/tex/latex/logreq/logreq.sty
Package: logreq 2010/08/04 v1.0 xml request logger
\lrq@indent=\count291

(c:/texlive/2019/texmf-dist/tex/latex/logreq/logreq.def
File: logreq.def 2010/08/04 v1.0 logreq spec v1.0
))
(c:/texlive/2019/texmf-dist/tex/latex/base/ifthen.sty
Package: ifthen 2014/09/29 v1.1c Standard LaTeX ifthen package (DPC)
)
(c:/texlive/2019/texmf-dist/tex/latex/url/url.sty
\Urlmuskip=\muskip16
Package: url 2013/09/16  ver 3.4  Verb mode for urls, etc.
)
\c@tabx@nest=\count292
\c@listtotal=\count293
\c@listcount=\count294
\c@liststart=\count295
\c@liststop=\count296
\c@citecount=\count297
\c@citetotal=\count298
\c@multicitecount=\count299
\c@multicitetotal=\count300
\c@instcount=\count301
\c@maxnames=\count302
\c@minnames=\count303
\c@maxitems=\count304
\c@minitems=\count305
\c@citecounter=\count306
\c@maxcitecounter=\count307
\c@savedcitecounter=\count308
\c@uniquelist=\count309
\c@uniquename=\count310
\c@refsection=\count311
\c@refsegment=\count312
\c@maxextratitle=\count313
\c@maxextratitleyear=\count314
\c@maxextraname=\count315
\c@maxextradate=\count316
\c@maxextraalpha=\count317
\c@abbrvpenalty=\count318
\c@highnamepenalty=\count319
\c@lownamepenalty=\count320
\c@maxparens=\count321
\c@parenlevel=\count322
\blx@tempcnta=\count323
\blx@tempcntb=\count324
\blx@tempcntc=\count325
\blx@maxsection=\count326
\blx@maxsegment@0=\count327
\blx@notetype=\count328
\blx@parenlevel@text=\count329
\blx@parenlevel@foot=\count330
\blx@sectionciteorder@0=\count331
\blx@entrysetcounter=\count332
\labelnumberwidth=\skip54
\labelalphawidth=\skip55
\biblabelsep=\skip56
\bibitemsep=\skip57
\bibnamesep=\skip58
\bibinitsep=\skip59
\bibparsep=\skip60
\bibhang=\skip61
\blx@bcfin=\read4
\blx@bcfout=\write6
\c@mincomprange=\count333
\c@maxcomprange=\count334
\c@mincompwidth=\count335
Package biblatex Info: Trying to load biblatex default data model...
Package biblatex Info: ... file 'blx-dm.def' found.

(c:/texlive/2019/texmf-dist/tex/latex/biblatex/blx-dm.def
File: blx-dm.def 2018/11/02 v3.12 biblatex localization (PK/MW)
)
Package biblatex Info: Trying to load biblatex style data model...
Package biblatex Info: ... file 'authoryear.dbx' not found.
Package biblatex Info: Trying to load biblatex custom data model...
Package biblatex Info: ... file 'biblatex-dm.cfg' not found.
\c@afterword=\count336
\c@savedafterword=\count337
\c@annotator=\count338
\c@savedannotator=\count339
\c@author=\count340
\c@savedauthor=\count341
\c@bookauthor=\count342
\c@savedbookauthor=\count343
\c@commentator=\count344
\c@savedcommentator=\count345
\c@editor=\count346
\c@savededitor=\count347
\c@editora=\count348
\c@savededitora=\count349
\c@editorb=\count350
\c@savededitorb=\count351
\c@editorc=\count352
\c@savededitorc=\count353
\c@foreword=\count354
\c@savedforeword=\count355
\c@holder=\count356
\c@savedholder=\count357
\c@introduction=\count358
\c@savedintroduction=\count359
\c@namea=\count360
\c@savednamea=\count361
\c@nameb=\count362
\c@savednameb=\count363
\c@namec=\count364
\c@savednamec=\count365
\c@translator=\count366
\c@savedtranslator=\count367
\c@shortauthor=\count368
\c@savedshortauthor=\count369
\c@shorteditor=\count370
\c@savedshorteditor=\count371
\c@labelname=\count372
\c@savedlabelname=\count373
\c@institution=\count374
\c@savedinstitution=\count375
\c@lista=\count376
\c@savedlista=\count377
\c@listb=\count378
\c@savedlistb=\count379
\c@listc=\count380
\c@savedlistc=\count381
\c@listd=\count382
\c@savedlistd=\count383
\c@liste=\count384
\c@savedliste=\count385
\c@listf=\count386
\c@savedlistf=\count387
\c@location=\count388
\c@savedlocation=\count389
\c@organization=\count390
\c@savedorganization=\count391
\c@origlocation=\count392
\c@savedoriglocation=\count393
\c@origpublisher=\count394
\c@savedorigpublisher=\count395
\c@publisher=\count396
\c@savedpublisher=\count397
\c@language=\count398
\c@savedlanguage=\count399
\c@origlanguage=\count400
\c@savedoriglanguage=\count401
\c@pageref=\count402
\c@savedpageref=\count403
\shorthandwidth=\skip62
\shortjournalwidth=\skip63
\shortserieswidth=\skip64
\shorttitlewidth=\skip65
\shortauthorwidth=\skip66
\shorteditorwidth=\skip67
\locallabelnumberwidth=\skip68
\locallabelalphawidth=\skip69
\localshorthandwidth=\skip70
\localshortjournalwidth=\skip71
\localshortserieswidth=\skip72
\localshorttitlewidth=\skip73
\localshortauthorwidth=\skip74
\localshorteditorwidth=\skip75
Package biblatex Info: Trying to load enhanced support for Unicode engines...
Package biblatex Info: ... file 'blx-unicode.def' found.

(c:/texlive/2019/texmf-dist/tex/latex/biblatex/blx-unicode.def)
Package biblatex Info: Trying to load compatibility code...
Package biblatex Info: ... file 'blx-compat.def' found.

(c:/texlive/2019/texmf-dist/tex/latex/biblatex/blx-compat.def
File: blx-compat.def 2018/11/02 v3.12 biblatex compatibility (PK/MW)
)
Package biblatex Info: Trying to load generic definitions...
Package biblatex Info: ... file 'biblatex.def' found.

(c:/texlive/2019/texmf-dist/tex/latex/biblatex/biblatex.def
File: biblatex.def 2018/11/02 v3.12 biblatex compatibility (PK/MW)
\c@textcitecount=\count404
\c@textcitetotal=\count405
\c@textcitemaxnames=\count406
\c@biburlnumpenalty=\count407
\c@biburlucpenalty=\count408
\c@biburllcpenalty=\count409
\c@smartand=\count410
)
Package biblatex Info: Trying to load bibliography style 'authoryear'...
Package biblatex Info: ... file 'authoryear.bbx' found.

(c:/texlive/2019/texmf-dist/tex/latex/biblatex/bbx/authoryear.bbx
File: authoryear.bbx 2018/11/02 v3.12 biblatex bibliography style (PK/MW)
Package biblatex Info: Trying to load bibliography style 'standard'...
Package biblatex Info: ... file 'standard.bbx' found.

(c:/texlive/2019/texmf-dist/tex/latex/biblatex/bbx/standard.bbx
File: standard.bbx 2018/11/02 v3.12 biblatex bibliography style (PK/MW)
\c@bbx:relatedcount=\count411
\c@bbx:relatedtotal=\count412
))
Package biblatex Info: Trying to load citation style 'authoryear'...
Package biblatex Info: ... file 'authoryear.cbx' found.

(c:/texlive/2019/texmf-dist/tex/latex/biblatex/cbx/authoryear.cbx
File: authoryear.cbx 2018/11/02 v3.12 biblatex citation style (PK/MW)
Package biblatex Info: Redefining '\cite'.
Package biblatex Info: Redefining '\parencite'.
Package biblatex Info: Redefining '\footcite'.
Package biblatex Info: Redefining '\footcitetext'.
Package biblatex Info: Redefining '\smartcite'.
Package biblatex Info: Redefining '\textcite'.
Package biblatex Info: Redefining '\textcites'.
)
Package biblatex Info: Trying to load configuration file...
Package biblatex Info: ... file 'biblatex.cfg' found.

(c:/texlive/2019/texmf-dist/tex/latex/biblatex/biblatex.cfg
File: biblatex.cfg 
))
(c:/texlive/2019/texmf-dist/tex/latex/tools/afterpage.sty
Package: afterpage 2014/10/28 v1.08 After-Page Package (DPC)
\AP@output=\toks34
\AP@partial=\box69
\AP@footins=\box70
))
(c:/texlive/2019/texmf-dist/tex/latex/base/inputenc.sty
Package: inputenc 2018/08/11 v1.3c Input encoding file
\inpenc@prehook=\toks35
\inpenc@posthook=\toks36


Package inputenc Warning: inputenc package ignored with utf8 based engines.

) (c:/texlive/2019/texmf-dist/tex/latex/base/fontenc.sty
Package: fontenc 2018/08/11 v2.0j Standard LaTeX package

(c:/texlive/2019/texmf-dist/tex/latex/base/t1enc.def
File: t1enc.def 2018/08/11 v2.0j Standard LaTeX file
LaTeX Font Info:    Redeclaring font encoding T1 on input line 48.
)
LaTeX Font Info:    Try loading font information for T1+lmr on input line 105.

(c:/texlive/2019/texmf-dist/tex/latex/lm/t1lmr.fd
File: t1lmr.fd 2009/10/30 v1.6 Font defs for Latin Modern
))
(c:/texlive/2019/texmf-dist/tex/latex/lato/lato.sty
Package: lato 2019/06/15 Style file for Lato.

(c:/texlive/2019/texmf-dist/tex/latex/fontaxes/fontaxes.sty
Package: fontaxes 2014/03/23 v1.0d Font selection axes
LaTeX Info: Redefining \upshape on input line 29.
LaTeX Info: Redefining \itshape on input line 31.
LaTeX Info: Redefining \slshape on input line 33.
LaTeX Info: Redefining \scshape on input line 37.
)
(c:/texlive/2019/texmf-dist/tex/latex/xkeyval/xkeyval.sty
Package: xkeyval 2014/12/03 v2.7a package option processing (HA)

(c:/texlive/2019/texmf-dist/tex/generic/xkeyval/xkeyval.tex
(c:/texlive/2019/texmf-dist/tex/generic/xkeyval/xkvutils.tex
\XKV@toks=\toks37
\XKV@tempa@toks=\toks38
)
\XKV@depth=\count413
File: xkeyval.tex 2014/12/03 v2.7a key=value parser (HA)
))
Requested font "[Lato-Regular.ttf]/OT" at 8.99997pt
 -> c:/texlive/2019/texmf-dist/fonts/truetype/typoland/lato/Lato-Regular.ttf
Requested font "[Lato-Regular.ttf]/OT" at 9.0pt
 -> c:/texlive/2019/texmf-dist/fonts/truetype/typoland/lato/Lato-Regular.ttf
Requested font "[Lato-Hairline.ttf]/OT" at 9.0pt
 -> c:/texlive/2019/texmf-dist/fonts/truetype/typoland/lato/Lato-Hairline.ttf
Requested font "[Lato-HairlineItalic.ttf]/OT" at 9.0pt
 -> c:/texlive/2019/texmf-dist/fonts/truetype/typoland/lato/Lato-HairlineItalic
.ttf
Requested font "[Lato-Thin.ttf]/OT" at 9.0pt
 -> c:/texlive/2019/texmf-dist/fonts/truetype/typoland/lato/Lato-Thin.ttf
Requested font "[Lato-ThinItalic.ttf]/OT" at 9.0pt
 -> c:/texlive/2019/texmf-dist/fonts/truetype/typoland/lato/Lato-ThinItalic.ttf
Requested font "[Lato-Light.ttf]/OT" at 9.0pt
 -> c:/texlive/2019/texmf-dist/fonts/truetype/typoland/lato/Lato-Light.ttf
Requested font "[Lato-LightItalic.ttf]/OT" at 9.0pt
 -> c:/texlive/2019/texmf-dist/fonts/truetype/typoland/lato/Lato-LightItalic.tt
f
Requested font "[Lato-Medium.ttf]/OT" at 9.0pt
 -> c:/texlive/2019/texmf-dist/fonts/truetype/typoland/lato/Lato-Medium.ttf
Requested font "[Lato-MediumItalic.ttf]/OT" at 9.0pt
 -> c:/texlive/2019/texmf-dist/fonts/truetype/typoland/lato/Lato-MediumItalic.t
tf
Requested font "[Lato-Semibold.ttf]/OT" at 9.0pt
 -> c:/texlive/2019/texmf-dist/fonts/truetype/typoland/lato/Lato-Semibold.ttf
Requested font "[Lato-SemiboldItalic.ttf]/OT" at 9.0pt
 -> c:/texlive/2019/texmf-dist/fonts/truetype/typoland/lato/Lato-SemiboldItalic
.ttf
Requested font "[Lato-Bold.ttf]/OT" at 9.0pt
 -> c:/texlive/2019/texmf-dist/fonts/truetype/typoland/lato/Lato-Bold.ttf
Requested font "[Lato-BoldItalic.ttf]/OT" at 9.0pt
 -> c:/texlive/2019/texmf-dist/fonts/truetype/typoland/lato/Lato-BoldItalic.ttf
Requested font "[Lato-Heavy.ttf]/OT" at 9.0pt
 -> c:/texlive/2019/texmf-dist/fonts/truetype/typoland/lato/Lato-Heavy.ttf
Requested font "[Lato-HeavyItalic.ttf]/OT" at 9.0pt
 -> c:/texlive/2019/texmf-dist/fonts/truetype/typoland/lato/Lato-HeavyItalic.tt
f
Requested font "[Lato-Black.ttf]/OT" at 9.0pt
 -> c:/texlive/2019/texmf-dist/fonts/truetype/typoland/lato/Lato-Black.ttf
Requested font "[Lato-BlackItalic.ttf]/OT" at 9.0pt
 -> c:/texlive/2019/texmf-dist/fonts/truetype/typoland/lato/Lato-BlackItalic.tt
f
Requested font "[Lato-Italic.ttf]/OT" at 9.0pt
 -> c:/texlive/2019/texmf-dist/fonts/truetype/typoland/lato/Lato-Italic.ttf

Package fontspec Info: Font family 'lato-TLF' created for font 'Lato' with
(fontspec)             options
(fontspec)             [Extension=.ttf,Ligatures=Common,Scale=1,FontFace={ul}{n
}{*-Hairline},FontFace={ul}{it}{*-HairlineItalic},FontFace={el}{n}{*-Thin},Font
Face={el}{it}{*-ThinItalic},FontFace={l}{n}{*-Light},FontFace={l}{it}{*-LightIt
alic},UprightFont={*-Regular},ItalicFont={*-Italic},FontFace={mb}{n}{*-Medium},
FontFace={mb}{it}{*-MediumItalic},FontFace={sb}{n}{*-Semibold},FontFace={sb}{it
}{*-SemiboldItalic},FontFace={b}{n}{*-Bold},FontFace={b}{it}{*-BoldItalic},Bold
Font={*-Bold},BoldItalicFont={*-BoldItalic},FontFace={eb}{n}{*-Heavy},FontFace=
{eb}{it}{*-HeavyItalic},FontFace={ub}{n}{*-Black},FontFace={ub}{it}{*-BlackItal
ic},Numbers={Monospaced,Lining},NFSSFamily=lato-TLF].
(fontspec)              
(fontspec)              This font family consists of the following NFSS
(fontspec)             series/shapes:
(fontspec)              
(fontspec)             - (ul/n) with NFSS spec.:
(fontspec)             <->s*[1]"[Lato-Hairline.ttf]/OT:script=latn;language=DFL
T;+liga;+tnum;+lnum;"
(fontspec)             -  (ul/sc) with NFSS spec.: 
(fontspec)             - (ul/it) with NFSS spec.:
(fontspec)             <->s*[1]"[Lato-HairlineItalic.ttf]/OT:script=latn;langua
ge=DFLT;+liga;+tnum;+lnum;"
(fontspec)             -  (ul/itsc) with NFSS spec.: 
(fontspec)             - (el/n) with NFSS spec.:
(fontspec)             <->s*[1]"[Lato-Thin.ttf]/OT:script=latn;language=DFLT;+l
iga;+tnum;+lnum;"
(fontspec)             -  (el/sc) with NFSS spec.: 
(fontspec)             - (el/it) with NFSS spec.:
(fontspec)             <->s*[1]"[Lato-ThinItalic.ttf]/OT:script=latn;language=D
FLT;+liga;+tnum;+lnum;"
(fontspec)             -  (el/itsc) with NFSS spec.: 
(fontspec)             - (l/n) with NFSS spec.:
(fontspec)             <->s*[1]"[Lato-Light.ttf]/OT:script=latn;language=DFLT;+
liga;+tnum;+lnum;"
(fontspec)             -  (l/sc) with NFSS spec.: 
(fontspec)             - (l/it) with NFSS spec.:
(fontspec)             <->s*[1]"[Lato-LightItalic.ttf]/OT:script=latn;language=
DFLT;+liga;+tnum;+lnum;"
(fontspec)             -  (l/itsc) with NFSS spec.: 
(fontspec)             - (mb/n) with NFSS spec.:
(fontspec)             <->s*[1]"[Lato-Medium.ttf]/OT:script=latn;language=DFLT;
+liga;+tnum;+lnum;"
(fontspec)             -  (mb/sc) with NFSS spec.: 
(fontspec)             - (mb/it) with NFSS spec.:
(fontspec)             <->s*[1]"[Lato-MediumItalic.ttf]/OT:script=latn;language
=DFLT;+liga;+tnum;+lnum;"
(fontspec)             -  (mb/itsc) with NFSS spec.: 
(fontspec)             - (sb/n) with NFSS spec.:
(fontspec)             <->s*[1]"[Lato-Semibold.ttf]/OT:script=latn;language=DFL
T;+liga;+tnum;+lnum;"
(fontspec)             -  (sb/sc) with NFSS spec.: 
(fontspec)             - (sb/it) with NFSS spec.:
(fontspec)             <->s*[1]"[Lato-SemiboldItalic.ttf]/OT:script=latn;langua
ge=DFLT;+liga;+tnum;+lnum;"
(fontspec)             -  (sb/itsc) with NFSS spec.: 
(fontspec)             - (b/n) with NFSS spec.:
(fontspec)             <->s*[1]"[Lato-Bold.ttf]/OT:script=latn;language=DFLT;+l
iga;+tnum;+lnum;"
(fontspec)             -  (b/sc) with NFSS spec.: 
(fontspec)             - (b/it) with NFSS spec.:
(fontspec)             <->s*[1]"[Lato-BoldItalic.ttf]/OT:script=latn;language=D
FLT;+liga;+tnum;+lnum;"
(fontspec)             -  (b/itsc) with NFSS spec.: 
(fontspec)             - (eb/n) with NFSS spec.:
(fontspec)             <->s*[1]"[Lato-Heavy.ttf]/OT:script=latn;language=DFLT;+
liga;+tnum;+lnum;"
(fontspec)             -  (eb/sc) with NFSS spec.: 
(fontspec)             - (eb/it) with NFSS spec.:
(fontspec)             <->s*[1]"[Lato-HeavyItalic.ttf]/OT:script=latn;language=
DFLT;+liga;+tnum;+lnum;"
(fontspec)             -  (eb/itsc) with NFSS spec.: 
(fontspec)             - (ub/n) with NFSS spec.:
(fontspec)             <->s*[1]"[Lato-Black.ttf]/OT:script=latn;language=DFLT;+
liga;+tnum;+lnum;"
(fontspec)             -  (ub/sc) with NFSS spec.: 
(fontspec)             - (ub/it) with NFSS spec.:
(fontspec)             <->s*[1]"[Lato-BlackItalic.ttf]/OT:script=latn;language=
DFLT;+liga;+tnum;+lnum;"
(fontspec)             -  (ub/itsc) with NFSS spec.: 
(fontspec)             - 'normal' (m/n) with NFSS spec.:
(fontspec)             <->s*[1]"[Lato-Regular.ttf]/OT:script=latn;language=DFLT
;+liga;+tnum;+lnum;"
(fontspec)             - 'small caps'  (m/sc) with NFSS spec.: 
(fontspec)             - 'bold' (bx/n) with NFSS spec.:
(fontspec)             <->s*[1]"[Lato-Bold.ttf]/OT:script=latn;language=DFLT;+l
iga;+tnum;+lnum;"
(fontspec)             - 'bold small caps'  (bx/sc) with NFSS spec.: 
(fontspec)             - 'italic' (m/it) with NFSS spec.:
(fontspec)             <->s*[1]"[Lato-Italic.ttf]/OT:script=latn;language=DFLT;
+liga;+tnum;+lnum;"
(fontspec)             - 'italic small caps'  (m/itsc) with NFSS spec.: 
(fontspec)             - 'bold italic' (bx/it) with NFSS spec.:
(fontspec)             <->s*[1]"[Lato-BoldItalic.ttf]/OT:script=latn;language=D
FLT;+liga;+tnum;+lnum;"
(fontspec)             - 'bold italic small caps'  (bx/itsc) with NFSS spec.: 


Package fontspec Info: Font family 'lato-LF' created for font 'Lato' with
(fontspec)             options
(fontspec)             [Extension=.ttf,Ligatures=Common,Scale=1,FontFace={ul}{n
}{*-Hairline},FontFace={ul}{it}{*-HairlineItalic},FontFace={el}{n}{*-Thin},Font
Face={el}{it}{*-ThinItalic},FontFace={l}{n}{*-Light},FontFace={l}{it}{*-LightIt
alic},UprightFont={*-Regular},ItalicFont={*-Italic},FontFace={mb}{n}{*-Medium},
FontFace={mb}{it}{*-MediumItalic},FontFace={sb}{n}{*-Semibold},FontFace={sb}{it
}{*-SemiboldItalic},FontFace={b}{n}{*-Bold},FontFace={b}{it}{*-BoldItalic},Bold
Font={*-Bold},BoldItalicFont={*-BoldItalic},FontFace={eb}{n}{*-Heavy},FontFace=
{eb}{it}{*-HeavyItalic},FontFace={ub}{n}{*-Black},FontFace={ub}{it}{*-BlackItal
ic},Numbers={Proportional,Lining},NFSSFamily=lato-LF].
(fontspec)              
(fontspec)              This font family consists of the following NFSS
(fontspec)             series/shapes:
(fontspec)              
(fontspec)             - (ul/n) with NFSS spec.:
(fontspec)             <->s*[1]"[Lato-Hairline.ttf]/OT:script=latn;language=DFL
T;+liga;+pnum;+lnum;"
(fontspec)             -  (ul/sc) with NFSS spec.: 
(fontspec)             - (ul/it) with NFSS spec.:
(fontspec)             <->s*[1]"[Lato-HairlineItalic.ttf]/OT:script=latn;langua
ge=DFLT;+liga;+pnum;+lnum;"
(fontspec)             -  (ul/itsc) with NFSS spec.: 
(fontspec)             - (el/n) with NFSS spec.:
(fontspec)             <->s*[1]"[Lato-Thin.ttf]/OT:script=latn;language=DFLT;+l
iga;+pnum;+lnum;"
(fontspec)             -  (el/sc) with NFSS spec.: 
(fontspec)             - (el/it) with NFSS spec.:
(fontspec)             <->s*[1]"[Lato-ThinItalic.ttf]/OT:script=latn;language=D
FLT;+liga;+pnum;+lnum;"
(fontspec)             -  (el/itsc) with NFSS spec.: 
(fontspec)             - (l/n) with NFSS spec.:
(fontspec)             <->s*[1]"[Lato-Light.ttf]/OT:script=latn;language=DFLT;+
liga;+pnum;+lnum;"
(fontspec)             -  (l/sc) with NFSS spec.: 
(fontspec)             - (l/it) with NFSS spec.:
(fontspec)             <->s*[1]"[Lato-LightItalic.ttf]/OT:script=latn;language=
DFLT;+liga;+pnum;+lnum;"
(fontspec)             -  (l/itsc) with NFSS spec.: 
(fontspec)             - (mb/n) with NFSS spec.:
(fontspec)             <->s*[1]"[Lato-Medium.ttf]/OT:script=latn;language=DFLT;
+liga;+pnum;+lnum;"
(fontspec)             -  (mb/sc) with NFSS spec.: 
(fontspec)             - (mb/it) with NFSS spec.:
(fontspec)             <->s*[1]"[Lato-MediumItalic.ttf]/OT:script=latn;language
=DFLT;+liga;+pnum;+lnum;"
(fontspec)             -  (mb/itsc) with NFSS spec.: 
(fontspec)             - (sb/n) with NFSS spec.:
(fontspec)             <->s*[1]"[Lato-Semibold.ttf]/OT:script=latn;language=DFL
T;+liga;+pnum;+lnum;"
(fontspec)             -  (sb/sc) with NFSS spec.: 
(fontspec)             - (sb/it) with NFSS spec.:
(fontspec)             <->s*[1]"[Lato-SemiboldItalic.ttf]/OT:script=latn;langua
ge=DFLT;+liga;+pnum;+lnum;"
(fontspec)             -  (sb/itsc) with NFSS spec.: 
(fontspec)             - (b/n) with NFSS spec.:
(fontspec)             <->s*[1]"[Lato-Bold.ttf]/OT:script=latn;language=DFLT;+l
iga;+pnum;+lnum;"
(fontspec)             -  (b/sc) with NFSS spec.: 
(fontspec)             - (b/it) with NFSS spec.:
(fontspec)             <->s*[1]"[Lato-BoldItalic.ttf]/OT:script=latn;language=D
FLT;+liga;+pnum;+lnum;"
(fontspec)             -  (b/itsc) with NFSS spec.: 
(fontspec)             - (eb/n) with NFSS spec.:
(fontspec)             <->s*[1]"[Lato-Heavy.ttf]/OT:script=latn;language=DFLT;+
liga;+pnum;+lnum;"
(fontspec)             -  (eb/sc) with NFSS spec.: 
(fontspec)             - (eb/it) with NFSS spec.:
(fontspec)             <->s*[1]"[Lato-HeavyItalic.ttf]/OT:script=latn;language=
DFLT;+liga;+pnum;+lnum;"
(fontspec)             -  (eb/itsc) with NFSS spec.: 
(fontspec)             - (ub/n) with NFSS spec.:
(fontspec)             <->s*[1]"[Lato-Black.ttf]/OT:script=latn;language=DFLT;+
liga;+pnum;+lnum;"
(fontspec)             -  (ub/sc) with NFSS spec.: 
(fontspec)             - (ub/it) with NFSS spec.:
(fontspec)             <->s*[1]"[Lato-BlackItalic.ttf]/OT:script=latn;language=
DFLT;+liga;+pnum;+lnum;"
(fontspec)             -  (ub/itsc) with NFSS spec.: 
(fontspec)             - 'normal' (m/n) with NFSS spec.:
(fontspec)             <->s*[1]"[Lato-Regular.ttf]/OT:script=latn;language=DFLT
;+liga;+pnum;+lnum;"
(fontspec)             - 'small caps'  (m/sc) with NFSS spec.: 
(fontspec)             - 'bold' (bx/n) with NFSS spec.:
(fontspec)             <->s*[1]"[Lato-Bold.ttf]/OT:script=latn;language=DFLT;+l
iga;+pnum;+lnum;"
(fontspec)             - 'bold small caps'  (bx/sc) with NFSS spec.: 
(fontspec)             - 'italic' (m/it) with NFSS spec.:
(fontspec)             <->s*[1]"[Lato-Italic.ttf]/OT:script=latn;language=DFLT;
+liga;+pnum;+lnum;"
(fontspec)             - 'italic small caps'  (m/itsc) with NFSS spec.: 
(fontspec)             - 'bold italic' (bx/it) with NFSS spec.:
(fontspec)             <->s*[1]"[Lato-BoldItalic.ttf]/OT:script=latn;language=D
FLT;+liga;+pnum;+lnum;"
(fontspec)             - 'bold italic small caps'  (bx/itsc) with NFSS spec.: 


Package fontspec Info: Font family 'lato-TOsF' created for font 'Lato' with
(fontspec)             options
(fontspec)             [Extension=.ttf,Ligatures=Common,Scale=1,FontFace={ul}{n
}{*-Hairline},FontFace={ul}{it}{*-HairlineItalic},FontFace={el}{n}{*-Thin},Font
Face={el}{it}{*-ThinItalic},FontFace={l}{n}{*-Light},FontFace={l}{it}{*-LightIt
alic},UprightFont={*-Regular},ItalicFont={*-Italic},FontFace={mb}{n}{*-Medium},
FontFace={mb}{it}{*-MediumItalic},FontFace={sb}{n}{*-Semibold},FontFace={sb}{it
}{*-SemiboldItalic},FontFace={b}{n}{*-Bold},FontFace={b}{it}{*-BoldItalic},Bold
Font={*-Bold},BoldItalicFont={*-BoldItalic},FontFace={eb}{n}{*-Heavy},FontFace=
{eb}{it}{*-HeavyItalic},FontFace={ub}{n}{*-Black},FontFace={ub}{it}{*-BlackItal
ic},Numbers={Monospaced,OldStyle},NFSSFamily=lato-TOsF].
(fontspec)              
(fontspec)              This font family consists of the following NFSS
(fontspec)             series/shapes:
(fontspec)              
(fontspec)             - (ul/n) with NFSS spec.:
(fontspec)             <->s*[1]"[Lato-Hairline.ttf]/OT:script=latn;language=DFL
T;+liga;+tnum;+onum;"
(fontspec)             -  (ul/sc) with NFSS spec.: 
(fontspec)             - (ul/it) with NFSS spec.:
(fontspec)             <->s*[1]"[Lato-HairlineItalic.ttf]/OT:script=latn;langua
ge=DFLT;+liga;+tnum;+onum;"
(fontspec)             -  (ul/itsc) with NFSS spec.: 
(fontspec)             - (el/n) with NFSS spec.:
(fontspec)             <->s*[1]"[Lato-Thin.ttf]/OT:script=latn;language=DFLT;+l
iga;+tnum;+onum;"
(fontspec)             -  (el/sc) with NFSS spec.: 
(fontspec)             - (el/it) with NFSS spec.:
(fontspec)             <->s*[1]"[Lato-ThinItalic.ttf]/OT:script=latn;language=D
FLT;+liga;+tnum;+onum;"
(fontspec)             -  (el/itsc) with NFSS spec.: 
(fontspec)             - (l/n) with NFSS spec.:
(fontspec)             <->s*[1]"[Lato-Light.ttf]/OT:script=latn;language=DFLT;+
liga;+tnum;+onum;"
(fontspec)             -  (l/sc) with NFSS spec.: 
(fontspec)             - (l/it) with NFSS spec.:
(fontspec)             <->s*[1]"[Lato-LightItalic.ttf]/OT:script=latn;language=
DFLT;+liga;+tnum;+onum;"
(fontspec)             -  (l/itsc) with NFSS spec.: 
(fontspec)             - (mb/n) with NFSS spec.:
(fontspec)             <->s*[1]"[Lato-Medium.ttf]/OT:script=latn;language=DFLT;
+liga;+tnum;+onum;"
(fontspec)             -  (mb/sc) with NFSS spec.: 
(fontspec)             - (mb/it) with NFSS spec.:
(fontspec)             <->s*[1]"[Lato-MediumItalic.ttf]/OT:script=latn;language
=DFLT;+liga;+tnum;+onum;"
(fontspec)             -  (mb/itsc) with NFSS spec.: 
(fontspec)             - (sb/n) with NFSS spec.:
(fontspec)             <->s*[1]"[Lato-Semibold.ttf]/OT:script=latn;language=DFL
T;+liga;+tnum;+onum;"
(fontspec)             -  (sb/sc) with NFSS spec.: 
(fontspec)             - (sb/it) with NFSS spec.:
(fontspec)             <->s*[1]"[Lato-SemiboldItalic.ttf]/OT:script=latn;langua
ge=DFLT;+liga;+tnum;+onum;"
(fontspec)             -  (sb/itsc) with NFSS spec.: 
(fontspec)             - (b/n) with NFSS spec.:
(fontspec)             <->s*[1]"[Lato-Bold.ttf]/OT:script=latn;language=DFLT;+l
iga;+tnum;+onum;"
(fontspec)             -  (b/sc) with NFSS spec.: 
(fontspec)             - (b/it) with NFSS spec.:
(fontspec)             <->s*[1]"[Lato-BoldItalic.ttf]/OT:script=latn;language=D
FLT;+liga;+tnum;+onum;"
(fontspec)             -  (b/itsc) with NFSS spec.: 
(fontspec)             - (eb/n) with NFSS spec.:
(fontspec)             <->s*[1]"[Lato-Heavy.ttf]/OT:script=latn;language=DFLT;+
liga;+tnum;+onum;"
(fontspec)             -  (eb/sc) with NFSS spec.: 
(fontspec)             - (eb/it) with NFSS spec.:
(fontspec)             <->s*[1]"[Lato-HeavyItalic.ttf]/OT:script=latn;language=
DFLT;+liga;+tnum;+onum;"
(fontspec)             -  (eb/itsc) with NFSS spec.: 
(fontspec)             - (ub/n) with NFSS spec.:
(fontspec)             <->s*[1]"[Lato-Black.ttf]/OT:script=latn;language=DFLT;+
liga;+tnum;+onum;"
(fontspec)             -  (ub/sc) with NFSS spec.: 
(fontspec)             - (ub/it) with NFSS spec.:
(fontspec)             <->s*[1]"[Lato-BlackItalic.ttf]/OT:script=latn;language=
DFLT;+liga;+tnum;+onum;"
(fontspec)             -  (ub/itsc) with NFSS spec.: 
(fontspec)             - 'normal' (m/n) with NFSS spec.:
(fontspec)             <->s*[1]"[Lato-Regular.ttf]/OT:script=latn;language=DFLT
;+liga;+tnum;+onum;"
(fontspec)             - 'small caps'  (m/sc) with NFSS spec.: 
(fontspec)             - 'bold' (bx/n) with NFSS spec.:
(fontspec)             <->s*[1]"[Lato-Bold.ttf]/OT:script=latn;language=DFLT;+l
iga;+tnum;+onum;"
(fontspec)             - 'bold small caps'  (bx/sc) with NFSS spec.: 
(fontspec)             - 'italic' (m/it) with NFSS spec.:
(fontspec)             <->s*[1]"[Lato-Italic.ttf]/OT:script=latn;language=DFLT;
+liga;+tnum;+onum;"
(fontspec)             - 'italic small caps'  (m/itsc) with NFSS spec.: 
(fontspec)             - 'bold italic' (bx/it) with NFSS spec.:
(fontspec)             <->s*[1]"[Lato-BoldItalic.ttf]/OT:script=latn;language=D
FLT;+liga;+tnum;+onum;"
(fontspec)             - 'bold italic small caps'  (bx/itsc) with NFSS spec.: 


Package fontspec Info: Font family 'lato-OsF' created for font 'Lato' with
(fontspec)             options
(fontspec)             [Extension=.ttf,Ligatures=Common,Scale=1,FontFace={ul}{n
}{*-Hairline},FontFace={ul}{it}{*-HairlineItalic},FontFace={el}{n}{*-Thin},Font
Face={el}{it}{*-ThinItalic},FontFace={l}{n}{*-Light},FontFace={l}{it}{*-LightIt
alic},UprightFont={*-Regular},ItalicFont={*-Italic},FontFace={mb}{n}{*-Medium},
FontFace={mb}{it}{*-MediumItalic},FontFace={sb}{n}{*-Semibold},FontFace={sb}{it
}{*-SemiboldItalic},FontFace={b}{n}{*-Bold},FontFace={b}{it}{*-BoldItalic},Bold
Font={*-Bold},BoldItalicFont={*-BoldItalic},FontFace={eb}{n}{*-Heavy},FontFace=
{eb}{it}{*-HeavyItalic},FontFace={ub}{n}{*-Black},FontFace={ub}{it}{*-BlackItal
ic},Numbers={Proportional,OldStyle},NFSSFamily=lato-OsF].
(fontspec)              
(fontspec)              This font family consists of the following NFSS
(fontspec)             series/shapes:
(fontspec)              
(fontspec)             - (ul/n) with NFSS spec.:
(fontspec)             <->s*[1]"[Lato-Hairline.ttf]/OT:script=latn;language=DFL
T;+liga;+pnum;+onum;"
(fontspec)             -  (ul/sc) with NFSS spec.: 
(fontspec)             - (ul/it) with NFSS spec.:
(fontspec)             <->s*[1]"[Lato-HairlineItalic.ttf]/OT:script=latn;langua
ge=DFLT;+liga;+pnum;+onum;"
(fontspec)             -  (ul/itsc) with NFSS spec.: 
(fontspec)             - (el/n) with NFSS spec.:
(fontspec)             <->s*[1]"[Lato-Thin.ttf]/OT:script=latn;language=DFLT;+l
iga;+pnum;+onum;"
(fontspec)             -  (el/sc) with NFSS spec.: 
(fontspec)             - (el/it) with NFSS spec.:
(fontspec)             <->s*[1]"[Lato-ThinItalic.ttf]/OT:script=latn;language=D
FLT;+liga;+pnum;+onum;"
(fontspec)             -  (el/itsc) with NFSS spec.: 
(fontspec)             - (l/n) with NFSS spec.:
(fontspec)             <->s*[1]"[Lato-Light.ttf]/OT:script=latn;language=DFLT;+
liga;+pnum;+onum;"
(fontspec)             -  (l/sc) with NFSS spec.: 
(fontspec)             - (l/it) with NFSS spec.:
(fontspec)             <->s*[1]"[Lato-LightItalic.ttf]/OT:script=latn;language=
DFLT;+liga;+pnum;+onum;"
(fontspec)             -  (l/itsc) with NFSS spec.: 
(fontspec)             - (mb/n) with NFSS spec.:
(fontspec)             <->s*[1]"[Lato-Medium.ttf]/OT:script=latn;language=DFLT;
+liga;+pnum;+onum;"
(fontspec)             -  (mb/sc) with NFSS spec.: 
(fontspec)             - (mb/it) with NFSS spec.:
(fontspec)             <->s*[1]"[Lato-MediumItalic.ttf]/OT:script=latn;language
=DFLT;+liga;+pnum;+onum;"
(fontspec)             -  (mb/itsc) with NFSS spec.: 
(fontspec)             - (sb/n) with NFSS spec.:
(fontspec)             <->s*[1]"[Lato-Semibold.ttf]/OT:script=latn;language=DFL
T;+liga;+pnum;+onum;"
(fontspec)             -  (sb/sc) with NFSS spec.: 
(fontspec)             - (sb/it) with NFSS spec.:
(fontspec)             <->s*[1]"[Lato-SemiboldItalic.ttf]/OT:script=latn;langua
ge=DFLT;+liga;+pnum;+onum;"
(fontspec)             -  (sb/itsc) with NFSS spec.: 
(fontspec)             - (b/n) with NFSS spec.:
(fontspec)             <->s*[1]"[Lato-Bold.ttf]/OT:script=latn;language=DFLT;+l
iga;+pnum;+onum;"
(fontspec)             -  (b/sc) with NFSS spec.: 
(fontspec)             - (b/it) with NFSS spec.:
(fontspec)             <->s*[1]"[Lato-BoldItalic.ttf]/OT:script=latn;language=D
FLT;+liga;+pnum;+onum;"
(fontspec)             -  (b/itsc) with NFSS spec.: 
(fontspec)             - (eb/n) with NFSS spec.:
(fontspec)             <->s*[1]"[Lato-Heavy.ttf]/OT:script=latn;language=DFLT;+
liga;+pnum;+onum;"
(fontspec)             -  (eb/sc) with NFSS spec.: 
(fontspec)             - (eb/it) with NFSS spec.:
(fontspec)             <->s*[1]"[Lato-HeavyItalic.ttf]/OT:script=latn;language=
DFLT;+liga;+pnum;+onum;"
(fontspec)             -  (eb/itsc) with NFSS spec.: 
(fontspec)             - (ub/n) with NFSS spec.:
(fontspec)             <->s*[1]"[Lato-Black.ttf]/OT:script=latn;language=DFLT;+
liga;+pnum;+onum;"
(fontspec)             -  (ub/sc) with NFSS spec.: 
(fontspec)             - (ub/it) with NFSS spec.:
(fontspec)             <->s*[1]"[Lato-BlackItalic.ttf]/OT:script=latn;language=
DFLT;+liga;+pnum;+onum;"
(fontspec)             -  (ub/itsc) with NFSS spec.: 
(fontspec)             - 'normal' (m/n) with NFSS spec.:
(fontspec)             <->s*[1]"[Lato-Regular.ttf]/OT:script=latn;language=DFLT
;+liga;+pnum;+onum;"
(fontspec)             - 'small caps'  (m/sc) with NFSS spec.: 
(fontspec)             - 'bold' (bx/n) with NFSS spec.:
(fontspec)             <->s*[1]"[Lato-Bold.ttf]/OT:script=latn;language=DFLT;+l
iga;+pnum;+onum;"
(fontspec)             - 'bold small caps'  (bx/sc) with NFSS spec.: 
(fontspec)             - 'italic' (m/it) with NFSS spec.:
(fontspec)             <->s*[1]"[Lato-Italic.ttf]/OT:script=latn;language=DFLT;
+liga;+pnum;+onum;"
(fontspec)             - 'italic small caps'  (m/itsc) with NFSS spec.: 
(fontspec)             - 'bold italic' (bx/it) with NFSS spec.:
(fontspec)             <->s*[1]"[Lato-BoldItalic.ttf]/OT:script=latn;language=D
FLT;+liga;+pnum;+onum;"
(fontspec)             - 'bold italic small caps'  (bx/itsc) with NFSS spec.: 


Package fontspec Info: Font family 'fla' created for font 'Lato' with options
(fontspec)             [Extension=.ttf,Ligatures=Common,Scale=1,FontFace={ul}{n
}{*-Hairline},FontFace={ul}{it}{*-HairlineItalic},FontFace={el}{n}{*-Thin},Font
Face={el}{it}{*-ThinItalic},FontFace={l}{n}{*-Light},FontFace={l}{it}{*-LightIt
alic},UprightFont={*-Regular},ItalicFont={*-Italic},FontFace={mb}{n}{*-Medium},
FontFace={mb}{it}{*-MediumItalic},FontFace={sb}{n}{*-Semibold},FontFace={sb}{it
}{*-SemiboldItalic},FontFace={b}{n}{*-Bold},FontFace={b}{it}{*-BoldItalic},Bold
Font={*-Bold},BoldItalicFont={*-BoldItalic},FontFace={eb}{n}{*-Heavy},FontFace=
{eb}{it}{*-HeavyItalic},FontFace={ub}{n}{*-Black},FontFace={ub}{it}{*-BlackItal
ic},Numbers={Monospaced,Lining},NFSSFamily=fla].
(fontspec)              
(fontspec)              This font family consists of the following NFSS
(fontspec)             series/shapes:
(fontspec)              
(fontspec)             - (ul/n) with NFSS spec.:
(fontspec)             <->s*[1]"[Lato-Hairline.ttf]/OT:script=latn;language=DFL
T;+liga;+tnum;+lnum;"
(fontspec)             -  (ul/sc) with NFSS spec.: 
(fontspec)             - (ul/it) with NFSS spec.:
(fontspec)             <->s*[1]"[Lato-HairlineItalic.ttf]/OT:script=latn;langua
ge=DFLT;+liga;+tnum;+lnum;"
(fontspec)             -  (ul/itsc) with NFSS spec.: 
(fontspec)             - (el/n) with NFSS spec.:
(fontspec)             <->s*[1]"[Lato-Thin.ttf]/OT:script=latn;language=DFLT;+l
iga;+tnum;+lnum;"
(fontspec)             -  (el/sc) with NFSS spec.: 
(fontspec)             - (el/it) with NFSS spec.:
(fontspec)             <->s*[1]"[Lato-ThinItalic.ttf]/OT:script=latn;language=D
FLT;+liga;+tnum;+lnum;"
(fontspec)             -  (el/itsc) with NFSS spec.: 
(fontspec)             - (l/n) with NFSS spec.:
(fontspec)             <->s*[1]"[Lato-Light.ttf]/OT:script=latn;language=DFLT;+
liga;+tnum;+lnum;"
(fontspec)             -  (l/sc) with NFSS spec.: 
(fontspec)             - (l/it) with NFSS spec.:
(fontspec)             <->s*[1]"[Lato-LightItalic.ttf]/OT:script=latn;language=
DFLT;+liga;+tnum;+lnum;"
(fontspec)             -  (l/itsc) with NFSS spec.: 
(fontspec)             - (mb/n) with NFSS spec.:
(fontspec)             <->s*[1]"[Lato-Medium.ttf]/OT:script=latn;language=DFLT;
+liga;+tnum;+lnum;"
(fontspec)             -  (mb/sc) with NFSS spec.: 
(fontspec)             - (mb/it) with NFSS spec.:
(fontspec)             <->s*[1]"[Lato-MediumItalic.ttf]/OT:script=latn;language
=DFLT;+liga;+tnum;+lnum;"
(fontspec)             -  (mb/itsc) with NFSS spec.: 
(fontspec)             - (sb/n) with NFSS spec.:
(fontspec)             <->s*[1]"[Lato-Semibold.ttf]/OT:script=latn;language=DFL
T;+liga;+tnum;+lnum;"
(fontspec)             -  (sb/sc) with NFSS spec.: 
(fontspec)             - (sb/it) with NFSS spec.:
(fontspec)             <->s*[1]"[Lato-SemiboldItalic.ttf]/OT:script=latn;langua
ge=DFLT;+liga;+tnum;+lnum;"
(fontspec)             -  (sb/itsc) with NFSS spec.: 
(fontspec)             - (b/n) with NFSS spec.:
(fontspec)             <->s*[1]"[Lato-Bold.ttf]/OT:script=latn;language=DFLT;+l
iga;+tnum;+lnum;"
(fontspec)             -  (b/sc) with NFSS spec.: 
(fontspec)             - (b/it) with NFSS spec.:
(fontspec)             <->s*[1]"[Lato-BoldItalic.ttf]/OT:script=latn;language=D
FLT;+liga;+tnum;+lnum;"
(fontspec)             -  (b/itsc) with NFSS spec.: 
(fontspec)             - (eb/n) with NFSS spec.:
(fontspec)             <->s*[1]"[Lato-Heavy.ttf]/OT:script=latn;language=DFLT;+
liga;+tnum;+lnum;"
(fontspec)             -  (eb/sc) with NFSS spec.: 
(fontspec)             - (eb/it) with NFSS spec.:
(fontspec)             <->s*[1]"[Lato-HeavyItalic.ttf]/OT:script=latn;language=
DFLT;+liga;+tnum;+lnum;"
(fontspec)             -  (eb/itsc) with NFSS spec.: 
(fontspec)             - (ub/n) with NFSS spec.:
(fontspec)             <->s*[1]"[Lato-Black.ttf]/OT:script=latn;language=DFLT;+
liga;+tnum;+lnum;"
(fontspec)             -  (ub/sc) with NFSS spec.: 
(fontspec)             - (ub/it) with NFSS spec.:
(fontspec)             <->s*[1]"[Lato-BlackItalic.ttf]/OT:script=latn;language=
DFLT;+liga;+tnum;+lnum;"
(fontspec)             -  (ub/itsc) with NFSS spec.: 
(fontspec)             - 'normal' (m/n) with NFSS spec.:
(fontspec)             <->s*[1]"[Lato-Regular.ttf]/OT:script=latn;language=DFLT
;+liga;+tnum;+lnum;"
(fontspec)             - 'small caps'  (m/sc) with NFSS spec.: 
(fontspec)             - 'bold' (bx/n) with NFSS spec.:
(fontspec)             <->s*[1]"[Lato-Bold.ttf]/OT:script=latn;language=DFLT;+l
iga;+tnum;+lnum;"
(fontspec)             - 'bold small caps'  (bx/sc) with NFSS spec.: 
(fontspec)             - 'italic' (m/it) with NFSS spec.:
(fontspec)             <->s*[1]"[Lato-Italic.ttf]/OT:script=latn;language=DFLT;
+liga;+tnum;+lnum;"
(fontspec)             - 'italic small caps'  (m/itsc) with NFSS spec.: 
(fontspec)             - 'bold italic' (bx/it) with NFSS spec.:
(fontspec)             <->s*[1]"[Lato-BoldItalic.ttf]/OT:script=latn;language=D
FLT;+liga;+tnum;+lnum;"
(fontspec)             - 'bold italic small caps'  (bx/itsc) with NFSS spec.: 


Package fontspec Info: Font family 'Lato(0)' created for font 'Lato' with
(fontspec)             options
(fontspec)             [Ligatures=TeX,Extension=.ttf,Ligatures=Common,Scale=1,F
ontFace={ul}{n}{*-Hairline},FontFace={ul}{it}{*-HairlineItalic},FontFace={el}{n
}{*-Thin},FontFace={el}{it}{*-ThinItalic},FontFace={l}{n}{*-Light},FontFace={l}
{it}{*-LightItalic},UprightFont={*-Regular},ItalicFont={*-Italic},FontFace={mb}
{n}{*-Medium},FontFace={mb}{it}{*-MediumItalic},FontFace={sb}{n}{*-Semibold},Fo
ntFace={sb}{it}{*-SemiboldItalic},FontFace={b}{n}{*-Bold},FontFace={b}{it}{*-Bo
ldItalic},BoldFont={*-Bold},BoldItalicFont={*-BoldItalic},FontFace={eb}{n}{*-He
avy},FontFace={eb}{it}{*-HeavyItalic},FontFace={ub}{n}{*-Black},FontFace={ub}{i
t}{*-BlackItalic},Numbers={Monospaced,Lining}].
(fontspec)              
(fontspec)              This font family consists of the following NFSS
(fontspec)             series/shapes:
(fontspec)              
(fontspec)             - (ul/n) with NFSS spec.:
(fontspec)             <->s*[1]"[Lato-Hairline.ttf]/OT:script=latn;language=DFL
T;+liga;+tnum;+lnum;mapping=tex-text;"
(fontspec)             -  (ul/sc) with NFSS spec.: 
(fontspec)             - (ul/it) with NFSS spec.:
(fontspec)             <->s*[1]"[Lato-HairlineItalic.ttf]/OT:script=latn;langua
ge=DFLT;+liga;+tnum;+lnum;mapping=tex-text;"
(fontspec)             -  (ul/itsc) with NFSS spec.: 
(fontspec)             - (el/n) with NFSS spec.:
(fontspec)             <->s*[1]"[Lato-Thin.ttf]/OT:script=latn;language=DFLT;+l
iga;+tnum;+lnum;mapping=tex-text;"
(fontspec)             -  (el/sc) with NFSS spec.: 
(fontspec)             - (el/it) with NFSS spec.:
(fontspec)             <->s*[1]"[Lato-ThinItalic.ttf]/OT:script=latn;language=D
FLT;+liga;+tnum;+lnum;mapping=tex-text;"
(fontspec)             -  (el/itsc) with NFSS spec.: 
(fontspec)             - (l/n) with NFSS spec.:
(fontspec)             <->s*[1]"[Lato-Light.ttf]/OT:script=latn;language=DFLT;+
liga;+tnum;+lnum;mapping=tex-text;"
(fontspec)             -  (l/sc) with NFSS spec.: 
(fontspec)             - (l/it) with NFSS spec.:
(fontspec)             <->s*[1]"[Lato-LightItalic.ttf]/OT:script=latn;language=
DFLT;+liga;+tnum;+lnum;mapping=tex-text;"
(fontspec)             -  (l/itsc) with NFSS spec.: 
(fontspec)             - (mb/n) with NFSS spec.:
(fontspec)             <->s*[1]"[Lato-Medium.ttf]/OT:script=latn;language=DFLT;
+liga;+tnum;+lnum;mapping=tex-text;"
(fontspec)             -  (mb/sc) with NFSS spec.: 
(fontspec)             - (mb/it) with NFSS spec.:
(fontspec)             <->s*[1]"[Lato-MediumItalic.ttf]/OT:script=latn;language
=DFLT;+liga;+tnum;+lnum;mapping=tex-text;"
(fontspec)             -  (mb/itsc) with NFSS spec.: 
(fontspec)             - (sb/n) with NFSS spec.:
(fontspec)             <->s*[1]"[Lato-Semibold.ttf]/OT:script=latn;language=DFL
T;+liga;+tnum;+lnum;mapping=tex-text;"
(fontspec)             -  (sb/sc) with NFSS spec.: 
(fontspec)             - (sb/it) with NFSS spec.:
(fontspec)             <->s*[1]"[Lato-SemiboldItalic.ttf]/OT:script=latn;langua
ge=DFLT;+liga;+tnum;+lnum;mapping=tex-text;"
(fontspec)             -  (sb/itsc) with NFSS spec.: 
(fontspec)             - (b/n) with NFSS spec.:
(fontspec)             <->s*[1]"[Lato-Bold.ttf]/OT:script=latn;language=DFLT;+l
iga;+tnum;+lnum;mapping=tex-text;"
(fontspec)             -  (b/sc) with NFSS spec.: 
(fontspec)             - (b/it) with NFSS spec.:
(fontspec)             <->s*[1]"[Lato-BoldItalic.ttf]/OT:script=latn;language=D
FLT;+liga;+tnum;+lnum;mapping=tex-text;"
(fontspec)             -  (b/itsc) with NFSS spec.: 
(fontspec)             - (eb/n) with NFSS spec.:
(fontspec)             <->s*[1]"[Lato-Heavy.ttf]/OT:script=latn;language=DFLT;+
liga;+tnum;+lnum;mapping=tex-text;"
(fontspec)             -  (eb/sc) with NFSS spec.: 
(fontspec)             - (eb/it) with NFSS spec.:
(fontspec)             <->s*[1]"[Lato-HeavyItalic.ttf]/OT:script=latn;language=
DFLT;+liga;+tnum;+lnum;mapping=tex-text;"
(fontspec)             -  (eb/itsc) with NFSS spec.: 
(fontspec)             - (ub/n) with NFSS spec.:
(fontspec)             <->s*[1]"[Lato-Black.ttf]/OT:script=latn;language=DFLT;+
liga;+tnum;+lnum;mapping=tex-text;"
(fontspec)             -  (ub/sc) with NFSS spec.: 
(fontspec)             - (ub/it) with NFSS spec.:
(fontspec)             <->s*[1]"[Lato-BlackItalic.ttf]/OT:script=latn;language=
DFLT;+liga;+tnum;+lnum;mapping=tex-text;"
(fontspec)             -  (ub/itsc) with NFSS spec.: 
(fontspec)             - 'normal' (m/n) with NFSS spec.:
(fontspec)             <->s*[1]"[Lato-Regular.ttf]/OT:script=latn;language=DFLT
;+liga;+tnum;+lnum;mapping=tex-text;"
(fontspec)             - 'small caps'  (m/sc) with NFSS spec.: 
(fontspec)             - 'bold' (bx/n) with NFSS spec.:
(fontspec)             <->s*[1]"[Lato-Bold.ttf]/OT:script=latn;language=DFLT;+l
iga;+tnum;+lnum;mapping=tex-text;"
(fontspec)             - 'bold small caps'  (bx/sc) with NFSS spec.: 
(fontspec)             - 'italic' (m/it) with NFSS spec.:
(fontspec)             <->s*[1]"[Lato-Italic.ttf]/OT:script=latn;language=DFLT;
+liga;+tnum;+lnum;mapping=tex-text;"
(fontspec)             - 'italic small caps'  (m/itsc) with NFSS spec.: 
(fontspec)             - 'bold italic' (bx/it) with NFSS spec.:
(fontspec)             <->s*[1]"[Lato-BoldItalic.ttf]/OT:script=latn;language=D
FLT;+liga;+tnum;+lnum;mapping=tex-text;"
(fontspec)             - 'bold italic small caps'  (bx/itsc) with NFSS spec.: 

LaTeX Info: Redefining \rmfamily on input line 159.
LaTeX Font Info:    Font shape `TU/Lato(0)/m/n' will be
(Font)              scaled to size 9.0pt on input line 159.
Requested font "[Lato-Regular.ttf]/OT:script=latn;language=DFLT;+liga;+tnum;+ln
um;mapping=tex-text;" at 9.0pt
 -> c:/texlive/2019/texmf-dist/fonts/truetype/typoland/lato/Lato-Regular.ttf
)
(c:/texlive/2019/texmf-dist/tex/latex/ctex/ctex.sty
Package: ctex 2019/05/29 v2.4.16 Chinese adapter in LaTeX (CTEX)

(c:/texlive/2019/texmf-dist/tex/latex/l3packages/l3keys2e/l3keys2e.sty
Package: l3keys2e 2019-05-28 LaTeX2e option processing using LaTeX3 keys
)
(c:/texlive/2019/texmf-dist/tex/latex/ctex/ctexhook.sty
Package: ctexhook 2019/05/29 v2.4.16 Document and package hooks (CTEX)
)
(c:/texlive/2019/texmf-dist/tex/latex/ctex/ctexpatch.sty
Package: ctexpatch 2019/05/29 v2.4.16 Patching commands (CTEX)
)
(c:/texlive/2019/texmf-dist/tex/latex/base/fix-cm.sty
Package: fix-cm 2015/01/14 v1.1t fixes to LaTeX

(c:/texlive/2019/texmf-dist/tex/latex/base/ts1enc.def
File: ts1enc.def 2001/06/05 v3.0e (jk/car/fm) Standard LaTeX file
))
(c:/texlive/2019/texmf-dist/tex/latex/ms/everysel.sty
Package: everysel 2011/10/28 v1.2 EverySelectfont Package (MS)
)
\l__ctex_tmp_int=\count414
\l__ctex_tmp_box=\box71
\l__ctex_tmp_dim=\dimen263
\g__ctex_section_depth_int=\count415
\g__ctex_font_size_int=\count416

(c:/texlive/2019/texmf-dist/tex/latex/ctex/config/ctexopts.cfg
File: ctexopts.cfg 2019/05/29 v2.4.16 Option configuration file (CTEX)
)
(c:/texlive/2019/texmf-dist/tex/latex/ctex/engine/ctex-engine-xetex.def
File: ctex-engine-xetex.def 2019/05/29 v2.4.16 XeLaTeX adapter (CTEX)

(c:/texlive/2019/texmf-dist/tex/xelatex/xecjk/xeCJK.sty
Package: xeCJK 2019/06/02 v3.7.4 Typesetting CJK scripts with XeLaTeX

(c:/texlive/2019/texmf-dist/tex/latex/l3packages/xtemplate/xtemplate.sty
Package: xtemplate 2019-05-28 L3 Experimental prototype document functions
\l__xtemplate_tmp_dim=\dimen264
\l__xtemplate_tmp_int=\count417
\l__xtemplate_tmp_muskip=\muskip17
\l__xtemplate_tmp_skip=\skip76
)
\l__xeCJK_tmp_int=\count418
\l__xeCJK_tmp_box=\box72
\l__xeCJK_tmp_dim=\dimen265
\l__xeCJK_tmp_skip=\skip77
\g__xeCJK_space_factor_int=\count419
\l__xeCJK_begin_int=\count420
\l__xeCJK_end_int=\count421
\c__xeCJK_CJK_class_int=\XeTeXcharclass1
\c__xeCJK_FullLeft_class_int=\XeTeXcharclass2
\c__xeCJK_FullRight_class_int=\XeTeXcharclass3
\c__xeCJK_HalfLeft_class_int=\XeTeXcharclass4
\c__xeCJK_HalfRight_class_int=\XeTeXcharclass5
\c__xeCJK_NormalSpace_class_int=\XeTeXcharclass6
\c__xeCJK_CM_class_int=\XeTeXcharclass7
\c__xeCJK_HangulJamo_class_int=\XeTeXcharclass8
\l__xeCJK_last_skip=\skip78
\g__xeCJK_node_int=\count422
\c__xeCJK_CJK_node_dim=\dimen266
\c__xeCJK_CJK-space_node_dim=\dimen267
\c__xeCJK_default_node_dim=\dimen268
\c__xeCJK_default-space_node_dim=\dimen269
\c__xeCJK_CJK-widow_node_dim=\dimen270
\c__xeCJK_normalspace_node_dim=\dimen271
\l__xeCJK_ccglue_skip=\skip79
\l__xeCJK_ecglue_skip=\skip80
\l__xeCJK_punct_kern_skip=\skip81
\l__xeCJK_last_penalty_int=\count423
\l__xeCJK_last_bound_dim=\dimen272
\l__xeCJK_last_kern_dim=\dimen273
\l__xeCJK_widow_penalty_int=\count424

Package xtemplate Info: Declaring object type 'xeCJK/punctuation' taking 0
(xtemplate)             argument(s) on line 2323.

\l__xeCJK_fixed_punct_width_dim=\dimen274
\l__xeCJK_mixed_punct_width_dim=\dimen275
\l__xeCJK_middle_punct_width_dim=\dimen276
\l__xeCJK_fixed_margin_width_dim=\dimen277
\l__xeCJK_mixed_margin_width_dim=\dimen278
\l__xeCJK_middle_margin_width_dim=\dimen279
\l__xeCJK_bound_punct_width_dim=\dimen280
\l__xeCJK_bound_margin_width_dim=\dimen281
\l__xeCJK_margin_minimum_dim=\dimen282
\l__xeCJK_kerning_total_width_dim=\dimen283
\l__xeCJK_same_align_margin_dim=\dimen284
\l__xeCJK_different_align_margin_dim=\dimen285
\l__xeCJK_kerning_margin_width_dim=\dimen286
\l__xeCJK_kerning_margin_minimum_dim=\dimen287
\l__xeCJK_bound_dim=\dimen288
\l__xeCJK_reverse_bound_dim=\dimen289
\l__xeCJK_margin_dim=\dimen290
\l__xeCJK_minimum_bound_dim=\dimen291
\l__xeCJK_kerning_margin_dim=\dimen292
\g__xeCJK_family_int=\count425
\l__xeCJK_fam_int=\count426
\g__xeCJK_fam_allocation_int=\count427
\l__xeCJK_verb_case_int=\count428
\l__xeCJK_verb_exspace_skip=\skip82

(c:/texlive/2019/texmf-dist/tex/xelatex/xecjk/xeCJK.cfg
File: xeCJK.cfg 2019/06/02 v3.7.4 Configuration file for xeCJK package
))
(c:/texlive/2019/texmf-dist/tex/xelatex/xecjk/xeCJKfntef.sty
Package: xeCJKfntef 2019/06/02 v3.7.4 xeCJK font effect

(c:/texlive/2019/texmf-dist/tex/generic/ulem/ulem.sty
\UL@box=\box73
\UL@hyphenbox=\box74
\UL@skip=\skip83
\UL@hook=\toks39
\UL@height=\dimen293
\UL@pe=\count429
\UL@pixel=\dimen294
\ULC@box=\box75
Requested font "lasy6" scaled 1000
 -> c:/texlive/2019/texmf-dist/fonts/tfm/public/latex-fonts/lasy6.tfm
Package: ulem 2012/05/18
\ULdepth=\dimen295
)
(c:/texlive/2019/texmf-dist/tex/latex/cjk/texinput/CJKfntef.sty
Package: CJKfntef 2015/04/18 4.8.4
\CJK@fntefSkip=\skip84
\CJK@nest=\count430
\CJK@fntefDimen=\dimen296
\CJK@underdotBox=\box76
\CJK@ULbox=\box77
\CJK@underanyskip=\dimen297
)
\l__xeCJK_space_skip=\skip85
\c__xeCJK_ulem-begin_node_dim=\dimen298
\c__xeCJK_null_box=\box78
\l__xeCJK_fntef_box=\box79
\l__xeCJK_under_symbol_box=\box80
\c__xeCJK_filll_skip=\skip86
)
\ccwd=\dimen299
\l__ctex_ccglue_skip=\skip87
)
\l__ctex_ziju_dim=\dimen300

(c:/texlive/2019/texmf-dist/tex/latex/zhnumber/zhnumber.sty
Package: zhnumber 2019/04/07 v2.7 Typesetting numbers with Chinese glyphs
\l__zhnum_scale_int=\count431

(c:/texlive/2019/texmf-dist/tex/latex/zhnumber/zhnumber-utf8.cfg
File: zhnumber-utf8.cfg 2019/04/07 v2.7 Chinese numerals with UTF8 encoding
))
(c:/texlive/2019/texmf-dist/tex/latex/ctex/scheme/ctex-scheme-chinese.def
File: ctex-scheme-chinese.def 2019/05/29 v2.4.16 Chinese scheme for generic (CT
EX)

(c:/texlive/2019/texmf-dist/tex/latex/ctex/config/ctex-name-utf8.cfg
File: ctex-name-utf8.cfg 2019/05/29 v2.4.16 Caption with encoding UTF8 (CTEX)
))
LaTeX Font Info:    Font shape `TU/Lato(0)/m/n' will be
(Font)              scaled to size 7.0pt on input line 737.
Requested font "[Lato-Regular.ttf]/OT:script=latn;language=DFLT;+liga;+tnum;+ln
um;mapping=tex-text;" at 7.0pt
 -> c:/texlive/2019/texmf-dist/fonts/truetype/typoland/lato/Lato-Regular.ttf

(c:/texlive/2019/texmf-dist/tex/latex/ctex/fontset/ctex-fontset-windows.def
File: ctex-fontset-windows.def 2019/05/29 v2.4.16 Windows fonts definition (CTE
X)

(c:/texlive/2019/texmf-dist/tex/latex/ctex/fontset/ctex-fontset-windowsnew.def
File: ctex-fontset-windowsnew.def 2019/05/29 v2.4.16 Windows fonts definition f
or Vista or later version (CTEX)
Requested font "SimSun/OT" at 8.99997pt
 -> C:/Windows/fonts/simsun.ttc
Requested font "SimSun/OT" at 9.0pt
 -> C:/Windows/fonts/simsun.ttc
Requested font "KaiTi/OT" at 9.00002pt
 -> C:/Windows/fonts/simkai.ttf
Requested font "KaiTi/B/OT" at 9.00002pt
 -> C:/Windows/fonts/simkai.ttf

Package fontspec Info: Could not resolve font "KaiTi/B" (it probably doesn't
(fontspec)             exist).

Requested font "SimHei/OT" at 9.00002pt
 -> C:/Windows/fonts/simhei.ttf
Requested font "SimHei/I/OT" at 9.00002pt
 -> C:/Windows/fonts/simhei.ttf

Package fontspec Info: Could not resolve font "SimHei/I" (it probably doesn't
(fontspec)             exist).

Requested font "SimSun/OT" at 9.00002pt
 -> C:/Windows/fonts/simsun.ttc
Requested font "SimSun/BI/OT" at 9.00002pt
 -> C:/Windows/fonts/simsun.ttc

Package fontspec Info: Could not resolve font "SimSun/BI" (it probably doesn't
(fontspec)             exist).

Requested font "SimHei/OT" at 9.0pt
 -> C:/Windows/fonts/simhei.ttf
Requested font "KaiTi/OT" at 9.0pt
 -> C:/Windows/fonts/simkai.ttf

Package fontspec Info: Font family 'SimSun(0)' created for font 'SimSun' with
(fontspec)             options
(fontspec)             [Script={CJK},BoldFont={SimHei},ItalicFont={KaiTi}].
(fontspec)              
(fontspec)              This font family consists of the following NFSS
(fontspec)             series/shapes:
(fontspec)              
(fontspec)             - 'normal' (m/n) with NFSS spec.:
(fontspec)             <->"SimSun/OT:script=hani;language=DFLT;"
(fontspec)             - 'small caps'  (m/sc) with NFSS spec.: 
(fontspec)             - 'bold' (bx/n) with NFSS spec.:
(fontspec)             <->"SimHei/OT:script=hani;language=DFLT;"
(fontspec)             - 'bold small caps'  (bx/sc) with NFSS spec.: 
(fontspec)             - 'italic' (m/it) with NFSS spec.:
(fontspec)             <->"KaiTi/OT:script=hani;language=DFLT;"
(fontspec)             - 'italic small caps'  (m/itsc) with NFSS spec.: 

))) (c:/texlive/2019/texmf-dist/tex/latex/ctex/config/ctex.cfg
File: ctex.cfg 2019/05/29 v2.4.16 Configuration file (CTEX)
)
(c:/texlive/2019/texmf-dist/tex/latex/tools/multicol.sty
Package: multicol 2018/12/27 v1.8v multicolumn formatting (FMi)
\c@tracingmulticols=\count432
\mult@box=\box81
\multicol@leftmargin=\dimen301
\c@unbalance=\count433
\c@collectmore=\count434
\doublecol@number=\count435
\multicoltolerance=\count436
\multicolpretolerance=\count437
\full@width=\dimen302
\page@free=\dimen303
\premulticols=\dimen304
\postmulticols=\dimen305
\multicolsep=\skip88
\multicolbaselineskip=\skip89
\partial@page=\box82
\last@line=\box83
\maxbalancingoverflow=\dimen306
\mult@rightbox=\box84
\mult@grightbox=\box85
\mult@gfirstbox=\box86
\mult@firstbox=\box87
\@tempa=\box88
\@tempa=\box89
\@tempa=\box90
\@tempa=\box91
\@tempa=\box92
\@tempa=\box93
\@tempa=\box94
\@tempa=\box95
\@tempa=\box96
\@tempa=\box97
\@tempa=\box98
\@tempa=\box99
\@tempa=\box100
\@tempa=\box101
\@tempa=\box102
\@tempa=\box103
\@tempa=\box104
\c@columnbadness=\count438
\c@finalcolumnbadness=\count439
\last@try=\dimen307
\multicolovershoot=\dimen308
\multicolundershoot=\dimen309
\mult@nat@firstbox=\box105
\colbreak@box=\box106
\mc@col@check@num=\count440
)
Package biblatex Info: Trying to load language 'english'...
Package biblatex Info: ... file 'english.lbx' found.

(c:/texlive/2019/texmf-dist/tex/latex/biblatex/lbx/english.lbx
File: english.lbx 2018/11/02 v3.12 biblatex localization (PK/MW)
)
\@quotelevel=\count441
\@quotereset=\count442
 (./resume.aux)
\openout1 = `resume.aux'.

LaTeX Font Info:    Checking defaults for OML/cmm/m/it on input line 53.
LaTeX Font Info:    ... okay on input line 53.
LaTeX Font Info:    Checking defaults for T1/cmr/m/n on input line 53.
LaTeX Font Info:    ... okay on input line 53.
LaTeX Font Info:    Checking defaults for OT1/cmr/m/n on input line 53.
LaTeX Font Info:    ... okay on input line 53.
LaTeX Font Info:    Checking defaults for OMS/cmsy/m/n on input line 53.
LaTeX Font Info:    ... okay on input line 53.
LaTeX Font Info:    Checking defaults for TU/lmr/m/n on input line 53.
LaTeX Font Info:    ... okay on input line 53.
LaTeX Font Info:    Checking defaults for OMX/cmex/m/n on input line 53.
LaTeX Font Info:    ... okay on input line 53.
LaTeX Font Info:    Checking defaults for U/cmr/m/n on input line 53.
LaTeX Font Info:    ... okay on input line 53.
LaTeX Font Info:    Checking defaults for TS1/cmr/m/n on input line 53.
LaTeX Font Info:    ... okay on input line 53.

*geometry* driver: auto-detecting
*geometry* detected driver: xetex
*geometry* verbose mode - [ preamble ] result:
* driver: xetex
* paper: a4paper
* layout: <same size as paper>
* layoutoffset:(h,v)=(0.0pt,0.0pt)
* modes: 
* h-part:(L,W,R)=(28.45274pt, 312.98033pt, 256.0748pt)
* v-part:(T,H,B)=(28.45274pt, 788.14136pt, 28.45274pt)
* \paperwidth=597.50787pt
* \paperheight=845.04684pt
* \textwidth=312.98033pt
* \textheight=788.14136pt
* \oddsidemargin=-43.81725pt
* \evensidemargin=-43.81725pt
* \topmargin=-80.81725pt
* \headheight=12.0pt
* \headsep=25.0pt
* \topskip=9.0pt
* \footskip=30.0pt
* \marginparwidth=193.47882pt
* \marginparsep=34.14322pt
* \columnsep=28.45274pt
* \skip\footins=8.0pt plus 4.0pt minus 2.0pt
* \hoffset=0.0pt
* \voffset=0.0pt
* \mag=1000
* \@twocolumnfalse
* \@twosidefalse
* \@mparswitchfalse
* \@reversemarginfalse
* (1in=72.27pt=25.4mm, 1cm=28.453pt)


Package fontspec Info: Adjusting the maths setup (use [no-math] to avoid
(fontspec)             this).

\symlegacymaths=\mathgroup4
LaTeX Font Info:    Overwriting symbol font `legacymaths' in version `bold'
(Font)                  OT1/cmr/m/n --> OT1/cmr/bx/n on input line 53.
LaTeX Font Info:    Redeclaring math accent \acute on input line 53.
LaTeX Font Info:    Redeclaring math accent \grave on input line 53.
LaTeX Font Info:    Redeclaring math accent \ddot on input line 53.
LaTeX Font Info:    Redeclaring math accent \tilde on input line 53.
LaTeX Font Info:    Redeclaring math accent \bar on input line 53.
LaTeX Font Info:    Redeclaring math accent \breve on input line 53.
LaTeX Font Info:    Redeclaring math accent \check on input line 53.
LaTeX Font Info:    Redeclaring math accent \hat on input line 53.
LaTeX Font Info:    Redeclaring math accent \dot on input line 53.
LaTeX Font Info:    Redeclaring math accent \mathring on input line 53.
LaTeX Font Info:    Redeclaring math symbol \colon on input line 53.
LaTeX Font Info:    Redeclaring math symbol \Gamma on input line 53.
LaTeX Font Info:    Redeclaring math symbol \Delta on input line 53.
LaTeX Font Info:    Redeclaring math symbol \Theta on input line 53.
LaTeX Font Info:    Redeclaring math symbol \Lambda on input line 53.
LaTeX Font Info:    Redeclaring math symbol \Xi on input line 53.
LaTeX Font Info:    Redeclaring math symbol \Pi on input line 53.
LaTeX Font Info:    Redeclaring math symbol \Sigma on input line 53.
LaTeX Font Info:    Redeclaring math symbol \Upsilon on input line 53.
LaTeX Font Info:    Redeclaring math symbol \Phi on input line 53.
LaTeX Font Info:    Redeclaring math symbol \Psi on input line 53.
LaTeX Font Info:    Redeclaring math symbol \Omega on input line 53.
LaTeX Font Info:    Redeclaring math symbol \mathdollar on input line 53.
LaTeX Font Info:    Redeclaring symbol font `operators' on input line 53.
LaTeX Font Info:    Encoding `OT1' has changed to `TU' for symbol font
(Font)              `operators' in the math version `normal' on input line 53.
LaTeX Font Info:    Overwriting symbol font `operators' in version `normal'
(Font)                  OT1/cmr/m/n --> TU/Lato(0)/m/n on input line 53.
LaTeX Font Info:    Encoding `OT1' has changed to `TU' for symbol font
(Font)              `operators' in the math version `bold' on input line 53.
LaTeX Font Info:    Overwriting symbol font `operators' in version `bold'
(Font)                  OT1/cmr/bx/n --> TU/Lato(0)/m/n on input line 53.
LaTeX Font Info:    Overwriting symbol font `operators' in version `normal'
(Font)                  TU/Lato(0)/m/n --> TU/Lato(0)/m/n on input line 53.
LaTeX Font Info:    Overwriting math alphabet `\mathit' in version `normal'
(Font)                  OT1/cmr/m/it --> TU/Lato(0)/m/it on input line 53.
LaTeX Font Info:    Overwriting math alphabet `\mathbf' in version `normal'
(Font)                  OT1/cmr/bx/n --> TU/Lato(0)/bx/n on input line 53.
LaTeX Font Info:    Overwriting math alphabet `\mathsf' in version `normal'
(Font)                  OT1/cmss/m/n --> TU/lmss/m/n on input line 53.
LaTeX Font Info:    Overwriting math alphabet `\mathtt' in version `normal'
(Font)                  OT1/cmtt/m/n --> TU/lmtt/m/n on input line 53.
LaTeX Font Info:    Overwriting symbol font `operators' in version `bold'
(Font)                  TU/Lato(0)/m/n --> TU/Lato(0)/bx/n on input line 53.
LaTeX Font Info:    Overwriting math alphabet `\mathit' in version `bold'
(Font)                  OT1/cmr/bx/it --> TU/Lato(0)/bx/it on input line 53.
LaTeX Font Info:    Overwriting math alphabet `\mathsf' in version `bold'
(Font)                  OT1/cmss/bx/n --> TU/lmss/bx/n on input line 53.
LaTeX Font Info:    Overwriting math alphabet `\mathtt' in version `bold'
(Font)                  OT1/cmtt/m/n --> TU/lmtt/bx/n on input line 53.
ABD: EveryShipout initializing macros
Package biblatex Info: XeTeX detected.
(biblatex)             Assuming input encoding 'utf8'.
Package biblatex Info: Automatic encoding selection.
(biblatex)             Assuming data encoding 'utf8'.
\openout6 = `resume.bcf'.

Package biblatex Info: Trying to load bibliographic data...
Package biblatex Info: ... file 'resume.bbl' found.
 (./resume.bbl)
Package biblatex Info: Reference section=0 on input line 53.
Package biblatex Info: Reference segment=0 on input line 53.
\c@mv@tabular=\count443
\c@mv@boldtabular=\count444

ABD: EverySelectfont initializing macros
LaTeX Info: Redefining \selectfont on input line 53.
LaTeX Font Info:    Font shape `TU/Lato(0)/m/n' will be
(Font)              scaled to size 17.28pt on input line 74.
Requested font "[Lato-Regular.ttf]/OT:script=latn;language=DFLT;+liga;+tnum;+ln
um;mapping=tex-text;" at 17.28pt
 -> c:/texlive/2019/texmf-dist/fonts/truetype/typoland/lato/Lato-Regular.ttf
LaTeX Font Info:    Font shape `TU/Lato(0)/bx/n' will be
(Font)              scaled to size 17.28pt on input line 74.
Requested font "[Lato-Bold.ttf]/OT:script=latn;language=DFLT;+liga;+tnum;+lnum;
mapping=tex-text;" at 17.28pt
 -> c:/texlive/2019/texmf-dist/fonts/truetype/typoland/lato/Lato-Bold.ttf
Requested font "SimHei/OT:script=hani;language=DFLT;" at 17.28pt
 -> C:/Windows/fonts/simhei.ttf
LaTeX Font Info:    Font shape `TU/Lato(0)/m/n' will be
(Font)              scaled to size 10.0pt on input line 74.
Requested font "[Lato-Regular.ttf]/OT:script=latn;language=DFLT;+liga;+tnum;+ln
um;mapping=tex-text;" at 10.0pt
 -> c:/texlive/2019/texmf-dist/fonts/truetype/typoland/lato/Lato-Regular.ttf
LaTeX Font Info:    Font shape `TU/Lato(0)/bx/n' will be
(Font)              scaled to size 10.0pt on input line 74.
Requested font "[Lato-Bold.ttf]/OT:script=latn;language=DFLT;+liga;+tnum;+lnum;
mapping=tex-text;" at 10.0pt
 -> c:/texlive/2019/texmf-dist/fonts/truetype/typoland/lato/Lato-Bold.ttf
Requested font "SimHei/OT:script=hani;language=DFLT;" at 10.0pt
 -> C:/Windows/fonts/simhei.ttf
LaTeX Font Info:    Font shape `TU/Lato(0)/bx/n' will be
(Font)              scaled to size 7.0pt on input line 74.
Requested font "[Lato-Bold.ttf]/OT:script=latn;language=DFLT;+liga;+tnum;+lnum;
mapping=tex-text;" at 7.0pt
 -> c:/texlive/2019/texmf-dist/fonts/truetype/typoland/lato/Lato-Bold.ttf
Requested font "FontAwesome/OT" at 7.0pt
 -> C:/texlive/2019/texmf-dist/fonts/opentype/public/fontawesome/FontAwesome.ot
f
Requested font "SimHei/OT:script=hani;language=DFLT;" at 7.0pt
 -> C:/Windows/fonts/simhei.ttf
LaTeX Font Info:    Font shape `TU/Lato(0)/m/n' will be
(Font)              scaled to size 6.0pt on input line 74.
Requested font "[Lato-Regular.ttf]/OT:script=latn;language=DFLT;+liga;+tnum;+ln
um;mapping=tex-text;" at 6.0pt
 -> c:/texlive/2019/texmf-dist/fonts/truetype/typoland/lato/Lato-Regular.ttf
LaTeX Font Info:    Font shape `TU/Lato(0)/m/n' will be
(Font)              scaled to size 5.0pt on input line 74.
Requested font "[Lato-Regular.ttf]/OT:script=latn;language=DFLT;+liga;+tnum;+ln
um;mapping=tex-text;" at 5.0pt
 -> c:/texlive/2019/texmf-dist/fonts/truetype/typoland/lato/Lato-Regular.ttf
Requested font "cmmi9" at 9.0pt
 -> c:/texlive/2019/texmf-dist/fonts/tfm/public/cm/cmmi9.tfm
Requested font "cmmi6" at 6.0pt
 -> c:/texlive/2019/texmf-dist/fonts/tfm/public/cm/cmmi6.tfm
Requested font "cmsy9" at 9.0pt
 -> c:/texlive/2019/texmf-dist/fonts/tfm/public/cm/cmsy9.tfm
Requested font "cmsy6" at 6.0pt
 -> c:/texlive/2019/texmf-dist/fonts/tfm/public/cm/cmsy6.tfm
Requested font "cmex9" at 9.0pt
 -> c:/texlive/2019/texmf-dist/fonts/tfm/public/amsfonts/cmextra/cmex9.tfm
LaTeX Font Info:    External font `cmex7' loaded for size
(Font)              <6> on input line 74.
Requested font "cmex7" scaled 1000
 -> c:/texlive/2019/texmf-dist/fonts/tfm/public/amsfonts/cmextra/cmex7.tfm
LaTeX Font Info:    External font `cmex7' loaded for size
(Font)              <5> on input line 74.
Requested font "cmr9" at 9.0pt
 -> c:/texlive/2019/texmf-dist/fonts/tfm/public/cm/cmr9.tfm
Requested font "cmr6" at 6.0pt
 -> c:/texlive/2019/texmf-dist/fonts/tfm/public/cm/cmr6.tfm
File: 2by2.jpg Graphic file (type bmp)
<2by2.jpg>
 (./page1sidebar.tex
LaTeX Font Info:    Font shape `TU/Lato(0)/m/n' will be
(Font)              scaled to size 12.0pt on input line 6.
Requested font "[Lato-Regular.ttf]/OT:script=latn;language=DFLT;+liga;+tnum;+ln
um;mapping=tex-text;" at 12.0pt
 -> c:/texlive/2019/texmf-dist/fonts/truetype/typoland/lato/Lato-Regular.ttf
LaTeX Font Info:    Font shape `TU/Lato(0)/bx/n' will be
(Font)              scaled to size 12.0pt on input line 6.
Requested font "[Lato-Bold.ttf]/OT:script=latn;language=DFLT;+liga;+tnum;+lnum;
mapping=tex-text;" at 12.0pt
 -> c:/texlive/2019/texmf-dist/fonts/truetype/typoland/lato/Lato-Bold.ttf
Requested font "SimHei/OT:script=hani;language=DFLT;" at 12.0pt
 -> C:/Windows/fonts/simhei.ttf
Requested font "[Lato-Regular.ttf]/OT:script=latn;language=DFLT;+liga;+tnum;+ln
um;mapping=tex-text;" at 10.95pt
 -> c:/texlive/2019/texmf-dist/fonts/truetype/typoland/lato/Lato-Regular.ttf
Requested font "FontAwesome/OT" at 10.95pt
 -> C:/texlive/2019/texmf-dist/fonts/opentype/public/fontawesome/FontAwesome.ot
f
Requested font "[Lato-Bold.ttf]/OT:script=latn;language=DFLT;+liga;+tnum;+lnum;
mapping=tex-text;" at 9.0pt
 -> c:/texlive/2019/texmf-dist/fonts/truetype/typoland/lato/Lato-Bold.ttf
Requested font "SimHei/OT:script=hani;language=DFLT;" at 9.0pt
 -> C:/Windows/fonts/simhei.ttf
Requested font "SimSun/OT:script=hani;language=DFLT;" at 9.0pt
 -> C:/Windows/fonts/simsun.ttc
)
LaTeX Font Info:    Font shape `TU/Lato(0)/m/n' will be
(Font)              scaled to size 8.0pt on input line 87.
Requested font "[Lato-Regular.ttf]/OT:script=latn;language=DFLT;+liga;+tnum;+ln
um;mapping=tex-text;" at 8.0pt
 -> c:/texlive/2019/texmf-dist/fonts/truetype/typoland/lato/Lato-Regular.ttf
Requested font "FontAwesome/OT" at 8.0pt
 -> C:/texlive/2019/texmf-dist/fonts/opentype/public/fontawesome/FontAwesome.ot
f
Requested font "SimSun/OT:script=hani;language=DFLT;" at 8.0pt
 -> C:/Windows/fonts/simsun.ttc
 [1


]
Requested font "SimSun/OT:script=hani;language=DFLT;" at 10.0pt
 -> C:/Windows/fonts/simsun.ttc
Requested font "cmmi8" at 8.0pt
 -> c:/texlive/2019/texmf-dist/fonts/tfm/public/cm/cmmi8.tfm
Requested font "cmsy8" at 8.0pt
 -> c:/texlive/2019/texmf-dist/fonts/tfm/public/cm/cmsy8.tfm
Requested font "cmex8" at 8.0pt
 -> c:/texlive/2019/texmf-dist/fonts/tfm/public/amsfonts/cmextra/cmex8.tfm
Requested font "cmr8" at 8.0pt
 -> c:/texlive/2019/texmf-dist/fonts/tfm/public/cm/cmr8.tfm

Overfull \vbox (3.74332pt too high) has occurred while \output is active []


Overfull \vbox (4.90343pt too high) has occurred while \output is active []


[2

] (./resume.aux)
Package logreq Info: Writing requests to 'resume.run.xml'.
\openout1 = `resume.run.xml'.

 ) 
Here is how much of TeX's memory you used:
 39877 strings out of 492909
 873703 string characters out of 6136299
 1415471 words of memory out of 5000000
 43329 multiletter control sequences out of 15000+600000
 539307 words of font info for 95 fonts, out of 8000000 for 9000
 1348 hyphenation exceptions out of 8191
 62i,12n,99p,1131b,800s stack positions out of 5000i,500n,10000p,200000b,80000s

Output written on resume.pdf (2 pages).
